CRITICAL - 2020-12-09 20:12:23 --> Unknown column 'email' in 'where clause'
#0 D:\data yudhi MIS\projects\GO-MEKANIK-API\system\Database\MySQLi\Connection.php(331): mysqli->query('SELECT *\nFROM `...')
#1 D:\data yudhi MIS\projects\GO-MEKANIK-API\system\Database\BaseConnection.php(741): CodeIgniter\Database\MySQLi\Connection->execute('SELECT *\nFROM `...')
#2 D:\data yudhi MIS\projects\GO-MEKANIK-API\system\Database\BaseConnection.php(669): CodeIgniter\Database\BaseConnection->simpleQuery('SELECT *\nFROM `...')
#3 D:\data yudhi MIS\projects\GO-MEKANIK-API\system\Database\BaseBuilder.php(1860): CodeIgniter\Database\BaseConnection->query('SELECT *\nFROM `...', Array, false)
#4 D:\data yudhi MIS\projects\GO-MEKANIK-API\system\Model.php(506): CodeIgniter\Database\BaseBuilder->get()
#5 D:\data yudhi MIS\projects\GO-MEKANIK-API\app\Models\AuthModel.php(43): CodeIgniter\Model->first()
#6 D:\data yudhi MIS\projects\GO-MEKANIK-API\app\Controllers\API\Auth.php(50): App\Models\AuthModel->getValidateEmailRegister('anang')
#7 D:\data yudhi MIS\projects\GO-MEKANIK-API\system\CodeIgniter.php(918): App\Controllers\API\Auth->getValidateEmailRegister()
#8 D:\data yudhi MIS\projects\GO-MEKANIK-API\system\CodeIgniter.php(404): CodeIgniter\CodeIgniter->runController(Object(App\Controllers\API\Auth))
#9 D:\data yudhi MIS\projects\GO-MEKANIK-API\system\CodeIgniter.php(312): CodeIgniter\CodeIgniter->handleRequest(NULL, Object(Config\Cache), false)
#10 D:\data yudhi MIS\projects\GO-MEKANIK-API\public\index.php(45): CodeIgniter\CodeIgniter->run()
#11 {main}
CRITICAL - 2020-12-09 20:14:28 --> Unknown column 'user_name' in 'where clause'
#0 D:\data yudhi MIS\projects\GO-MEKANIK-API\system\Database\MySQLi\Connection.php(331): mysqli->query('SELECT *\nFROM `...')
#1 D:\data yudhi MIS\projects\GO-MEKANIK-API\system\Database\BaseConnection.php(741): CodeIgniter\Database\MySQLi\Connection->execute('SELECT *\nFROM `...')
#2 D:\data yudhi MIS\projects\GO-MEKANIK-API\system\Database\BaseConnection.php(669): CodeIgniter\Database\BaseConnection->simpleQuery('SELECT *\nFROM `...')
#3 D:\data yudhi MIS\projects\GO-MEKANIK-API\system\Database\BaseBuilder.php(1860): CodeIgniter\Database\BaseConnection->query('SELECT *\nFROM `...', Array, false)
#4 D:\data yudhi MIS\projects\GO-MEKANIK-API\system\Model.php(506): CodeIgniter\Database\BaseBuilder->get()
#5 D:\data yudhi MIS\projects\GO-MEKANIK-API\app\Models\AuthModel.php(33): CodeIgniter\Model->first()
#6 D:\data yudhi MIS\projects\GO-MEKANIK-API\app\Controllers\API\Auth.php(33): App\Models\AuthModel->getValidateUserNameRegister('anang')
#7 D:\data yudhi MIS\projects\GO-MEKANIK-API\system\CodeIgniter.php(918): App\Controllers\API\Auth->getValidateUserNameRegister()
#8 D:\data yudhi MIS\projects\GO-MEKANIK-API\system\CodeIgniter.php(404): CodeIgniter\CodeIgniter->runController(Object(App\Controllers\API\Auth))
#9 D:\data yudhi MIS\projects\GO-MEKANIK-API\system\CodeIgniter.php(312): CodeIgniter\CodeIgniter->handleRequest(NULL, Object(Config\Cache), false)
#10 D:\data yudhi MIS\projects\GO-MEKANIK-API\public\index.php(45): CodeIgniter\CodeIgniter->run()
#11 {main}
CRITICAL - 2020-12-09 20:20:41 --> Unknown column 'user_name' in 'where clause'
#0 D:\data yudhi MIS\projects\GO-MEKANIK-API\system\Database\MySQLi\Connection.php(331): mysqli->query('SELECT *\nFROM `...')
#1 D:\data yudhi MIS\projects\GO-MEKANIK-API\system\Database\BaseConnection.php(741): CodeIgniter\Database\MySQLi\Connection->execute('SELECT *\nFROM `...')
#2 D:\data yudhi MIS\projects\GO-MEKANIK-API\system\Database\BaseConnection.php(669): CodeIgniter\Database\BaseConnection->simpleQuery('SELECT *\nFROM `...')
#3 D:\data yudhi MIS\projects\GO-MEKANIK-API\system\Database\BaseBuilder.php(1860): CodeIgniter\Database\BaseConnection->query('SELECT *\nFROM `...', Array, false)
#4 D:\data yudhi MIS\projects\GO-MEKANIK-API\system\Model.php(506): CodeIgniter\Database\BaseBuilder->get()
#5 D:\data yudhi MIS\projects\GO-MEKANIK-API\app\Models\AuthModel.php(33): CodeIgniter\Model->first()
#6 D:\data yudhi MIS\projects\GO-MEKANIK-API\app\Controllers\API\Auth.php(33): App\Models\AuthModel->getValidateUserNameRegister('anang')
#7 D:\data yudhi MIS\projects\GO-MEKANIK-API\system\CodeIgniter.php(918): App\Controllers\API\Auth->getValidateUserNameRegister()
#8 D:\data yudhi MIS\projects\GO-MEKANIK-API\system\CodeIgniter.php(404): CodeIgniter\CodeIgniter->runController(Object(App\Controllers\API\Auth))
#9 D:\data yudhi MIS\projects\GO-MEKANIK-API\system\CodeIgniter.php(312): CodeIgniter\CodeIgniter->handleRequest(NULL, Object(Config\Cache), false)
#10 D:\data yudhi MIS\projects\GO-MEKANIK-API\public\index.php(45): CodeIgniter\CodeIgniter->run()
#11 {main}
CRITICAL - 2020-12-09 20:22:01 --> Unknown column 'user_name' in 'where clause'
#0 D:\data yudhi MIS\projects\GO-MEKANIK-API\system\Database\MySQLi\Connection.php(331): mysqli->query('SELECT *\nFROM `...')
#1 D:\data yudhi MIS\projects\GO-MEKANIK-API\system\Database\BaseConnection.php(741): CodeIgniter\Database\MySQLi\Connection->execute('SELECT *\nFROM `...')
#2 D:\data yudhi MIS\projects\GO-MEKANIK-API\system\Database\BaseConnection.php(669): CodeIgniter\Database\BaseConnection->simpleQuery('SELECT *\nFROM `...')
#3 D:\data yudhi MIS\projects\GO-MEKANIK-API\system\Database\BaseBuilder.php(1860): CodeIgniter\Database\BaseConnection->query('SELECT *\nFROM `...', Array, false)
#4 D:\data yudhi MIS\projects\GO-MEKANIK-API\system\Model.php(506): CodeIgniter\Database\BaseBuilder->get()
#5 D:\data yudhi MIS\projects\GO-MEKANIK-API\app\Models\AuthModel.php(33): CodeIgniter\Model->first()
#6 D:\data yudhi MIS\projects\GO-MEKANIK-API\app\Controllers\API\Auth.php(33): App\Models\AuthModel->getValidateUserNameRegister('anang')
#7 D:\data yudhi MIS\projects\GO-MEKANIK-API\system\CodeIgniter.php(918): App\Controllers\API\Auth->getValidateUserNameRegister()
#8 D:\data yudhi MIS\projects\GO-MEKANIK-API\system\CodeIgniter.php(404): CodeIgniter\CodeIgniter->runController(Object(App\Controllers\API\Auth))
#9 D:\data yudhi MIS\projects\GO-MEKANIK-API\system\CodeIgniter.php(312): CodeIgniter\CodeIgniter->handleRequest(NULL, Object(Config\Cache), false)
#10 D:\data yudhi MIS\projects\GO-MEKANIK-API\public\index.php(45): CodeIgniter\CodeIgniter->run()
#11 {main}
CRITICAL - 2020-12-09 20:23:43 --> Unknown column 'user_name' in 'where clause'
#0 D:\data yudhi MIS\projects\GO-MEKANIK-API\system\Database\MySQLi\Connection.php(331): mysqli->query('SELECT *\nFROM `...')
#1 D:\data yudhi MIS\projects\GO-MEKANIK-API\system\Database\BaseConnection.php(741): CodeIgniter\Database\MySQLi\Connection->execute('SELECT *\nFROM `...')
#2 D:\data yudhi MIS\projects\GO-MEKANIK-API\system\Database\BaseConnection.php(669): CodeIgniter\Database\BaseConnection->simpleQuery('SELECT *\nFROM `...')
#3 D:\data yudhi MIS\projects\GO-MEKANIK-API\system\Database\BaseBuilder.php(1860): CodeIgniter\Database\BaseConnection->query('SELECT *\nFROM `...', Array, false)
#4 D:\data yudhi MIS\projects\GO-MEKANIK-API\system\Model.php(506): CodeIgniter\Database\BaseBuilder->get()
#5 D:\data yudhi MIS\projects\GO-MEKANIK-API\app\Models\AuthModel.php(33): CodeIgniter\Model->first()
#6 D:\data yudhi MIS\projects\GO-MEKANIK-API\app\Controllers\API\Auth.php(33): App\Models\AuthModel->getValidateUserNameRegister('anang')
#7 D:\data yudhi MIS\projects\GO-MEKANIK-API\system\CodeIgniter.php(918): App\Controllers\API\Auth->getValidateUserNameRegister()
#8 D:\data yudhi MIS\projects\GO-MEKANIK-API\system\CodeIgniter.php(404): CodeIgniter\CodeIgniter->runController(Object(App\Controllers\API\Auth))
#9 D:\data yudhi MIS\projects\GO-MEKANIK-API\system\CodeIgniter.php(312): CodeIgniter\CodeIgniter->handleRequest(NULL, Object(Config\Cache), false)
#10 D:\data yudhi MIS\projects\GO-MEKANIK-API\public\index.php(45): CodeIgniter\CodeIgniter->run()
#11 {main}
