CRITICAL - 2020-11-19 02:32:04 --> Class 'Codeigniter\Model' not found
#0 D:\data yudhi MIS\projects\GO-MEKANIK-API\system\Autoloader\Autoloader.php(365): require_once()
#1 D:\data yudhi MIS\projects\GO-MEKANIK-API\system\Autoloader\Autoloader.php(296): CodeIgniter\Autoloader\Autoloader->requireFile('D:\\data yudhi M...')
#2 D:\data yudhi MIS\projects\GO-MEKANIK-API\system\Autoloader\Autoloader.php(258): CodeIgniter\Autoloader\Autoloader->loadInNamespace('App\\Models\\User...')
#3 [internal function]: CodeIgniter\Autoloader\Autoloader->loadClass('App\\Models\\User...')
#4 D:\data yudhi MIS\projects\GO-MEKANIK-API\app\Controllers\UserMekanik.php(123): spl_autoload_call('App\\Models\\User...')
#5 D:\data yudhi MIS\projects\GO-MEKANIK-API\system\CodeIgniter.php(918): App\Controllers\UserMekanik->signIn()
#6 D:\data yudhi MIS\projects\GO-MEKANIK-API\system\CodeIgniter.php(404): CodeIgniter\CodeIgniter->runController(Object(App\Controllers\UserMekanik))
#7 D:\data yudhi MIS\projects\GO-MEKANIK-API\system\CodeIgniter.php(312): CodeIgniter\CodeIgniter->handleRequest(NULL, Object(Config\Cache), false)
#8 D:\data yudhi MIS\projects\GO-MEKANIK-API\public\index.php(45): CodeIgniter\CodeIgniter->run()
#9 {main}
CRITICAL - 2020-11-19 02:49:33 --> Unknown column 'user_name' in 'where clause'
#0 D:\data yudhi MIS\projects\GO-MEKANIK-API\system\Database\MySQLi\Connection.php(331): mysqli->query('SELECT *\nFROM `...')
#1 D:\data yudhi MIS\projects\GO-MEKANIK-API\system\Database\BaseConnection.php(741): CodeIgniter\Database\MySQLi\Connection->execute('SELECT *\nFROM `...')
#2 D:\data yudhi MIS\projects\GO-MEKANIK-API\system\Database\BaseConnection.php(669): CodeIgniter\Database\BaseConnection->simpleQuery('SELECT *\nFROM `...')
#3 D:\data yudhi MIS\projects\GO-MEKANIK-API\system\Database\BaseBuilder.php(2019): CodeIgniter\Database\BaseConnection->query('SELECT *\nFROM `...', Array, false)
#4 D:\data yudhi MIS\projects\GO-MEKANIK-API\system\Model.php(1818): CodeIgniter\Database\BaseBuilder->getWhere(Array)
#5 D:\data yudhi MIS\projects\GO-MEKANIK-API\app\Controllers\UserMekanik.php(71): CodeIgniter\Model->__call('getWhere', Array)
#6 D:\data yudhi MIS\projects\GO-MEKANIK-API\app\Controllers\UserMekanik.php(22): App\Controllers\UserMekanik->_getByUserName('badala')
#7 D:\data yudhi MIS\projects\GO-MEKANIK-API\system\CodeIgniter.php(918): App\Controllers\UserMekanik->signUp()
#8 D:\data yudhi MIS\projects\GO-MEKANIK-API\system\CodeIgniter.php(404): CodeIgniter\CodeIgniter->runController(Object(App\Controllers\UserMekanik))
#9 D:\data yudhi MIS\projects\GO-MEKANIK-API\system\CodeIgniter.php(312): CodeIgniter\CodeIgniter->handleRequest(NULL, Object(Config\Cache), false)
#10 D:\data yudhi MIS\projects\GO-MEKANIK-API\public\index.php(45): CodeIgniter\CodeIgniter->run()
#11 {main}
CRITICAL - 2020-11-19 02:58:24 --> Undefined offset: 0
#0 D:\data yudhi MIS\projects\GO-MEKANIK-API\app\Controllers\UserMekanik.php(33): CodeIgniter\Debug\Exceptions->errorHandler(8, 'Undefined offse...', 'D:\\data yudhi M...', 33, Array)
#1 D:\data yudhi MIS\projects\GO-MEKANIK-API\system\CodeIgniter.php(918): App\Controllers\UserMekanik->signUp()
#2 D:\data yudhi MIS\projects\GO-MEKANIK-API\system\CodeIgniter.php(404): CodeIgniter\CodeIgniter->runController(Object(App\Controllers\UserMekanik))
#3 D:\data yudhi MIS\projects\GO-MEKANIK-API\system\CodeIgniter.php(312): CodeIgniter\CodeIgniter->handleRequest(NULL, Object(Config\Cache), false)
#4 D:\data yudhi MIS\projects\GO-MEKANIK-API\public\index.php(45): CodeIgniter\CodeIgniter->run()
#5 {main}
