CRITICAL - 2021-01-27 01:31:40 --> Unknown column 'symton' in 'field list'
#0 D:\data yudhi MIS\projects\GO-MEKANIK-API\system\Database\MySQLi\Connection.php(331): mysqli->query('SELECT `date`, ...')
#1 D:\data yudhi MIS\projects\GO-MEKANIK-API\system\Database\BaseConnection.php(741): CodeIgniter\Database\MySQLi\Connection->execute('SELECT `date`, ...')
#2 D:\data yudhi MIS\projects\GO-MEKANIK-API\system\Database\BaseConnection.php(669): CodeIgniter\Database\BaseConnection->simpleQuery('SELECT `date`, ...')
#3 D:\data yudhi MIS\projects\GO-MEKANIK-API\system\Database\BaseBuilder.php(1860): CodeIgniter\Database\BaseConnection->query('SELECT `date`, ...', Array, false)
#4 D:\data yudhi MIS\projects\GO-MEKANIK-API\system\Model.php(462): CodeIgniter\Database\BaseBuilder->get()
#5 D:\data yudhi MIS\projects\GO-MEKANIK-API\app\Models\ViewMachineSettledModel.php(35): CodeIgniter\Model->findAll()
#6 D:\data yudhi MIS\projects\GO-MEKANIK-API\app\Controllers\API\MachineSettled.php(88): App\Models\ViewMachineSettledModel->userOrdersFinishedDetail('20', '1')
#7 D:\data yudhi MIS\projects\GO-MEKANIK-API\system\CodeIgniter.php(918): App\Controllers\API\MachineSettled->getUserOrdersFinishedDetail()
#8 D:\data yudhi MIS\projects\GO-MEKANIK-API\system\CodeIgniter.php(404): CodeIgniter\CodeIgniter->runController(Object(App\Controllers\API\MachineSettled))
#9 D:\data yudhi MIS\projects\GO-MEKANIK-API\system\CodeIgniter.php(312): CodeIgniter\CodeIgniter->handleRequest(NULL, Object(Config\Cache), false)
#10 D:\data yudhi MIS\projects\GO-MEKANIK-API\public\index.php(45): CodeIgniter\CodeIgniter->run()
#11 {main}
CRITICAL - 2021-01-27 01:31:57 --> Unknown column 'symton' in 'field list'
#0 D:\data yudhi MIS\projects\GO-MEKANIK-API\system\Database\MySQLi\Connection.php(331): mysqli->query('SELECT `date`, ...')
#1 D:\data yudhi MIS\projects\GO-MEKANIK-API\system\Database\BaseConnection.php(741): CodeIgniter\Database\MySQLi\Connection->execute('SELECT `date`, ...')
#2 D:\data yudhi MIS\projects\GO-MEKANIK-API\system\Database\BaseConnection.php(669): CodeIgniter\Database\BaseConnection->simpleQuery('SELECT `date`, ...')
#3 D:\data yudhi MIS\projects\GO-MEKANIK-API\system\Database\BaseBuilder.php(1860): CodeIgniter\Database\BaseConnection->query('SELECT `date`, ...', Array, false)
#4 D:\data yudhi MIS\projects\GO-MEKANIK-API\system\Model.php(462): CodeIgniter\Database\BaseBuilder->get()
#5 D:\data yudhi MIS\projects\GO-MEKANIK-API\app\Models\ViewMachineSettledModel.php(35): CodeIgniter\Model->findAll()
#6 D:\data yudhi MIS\projects\GO-MEKANIK-API\app\Controllers\API\MachineSettled.php(88): App\Models\ViewMachineSettledModel->userOrdersFinishedDetail('20', '1')
#7 D:\data yudhi MIS\projects\GO-MEKANIK-API\system\CodeIgniter.php(918): App\Controllers\API\MachineSettled->getUserOrdersFinishedDetail()
#8 D:\data yudhi MIS\projects\GO-MEKANIK-API\system\CodeIgniter.php(404): CodeIgniter\CodeIgniter->runController(Object(App\Controllers\API\MachineSettled))
#9 D:\data yudhi MIS\projects\GO-MEKANIK-API\system\CodeIgniter.php(312): CodeIgniter\CodeIgniter->handleRequest(NULL, Object(Config\Cache), false)
#10 D:\data yudhi MIS\projects\GO-MEKANIK-API\public\index.php(45): CodeIgniter\CodeIgniter->run()
#11 {main}
CRITICAL - 2021-01-27 02:01:40 --> Unknown column 'date_start_waiting' in 'field list'
#0 D:\data yudhi MIS\projects\GO-MEKANIK-API\system\Database\MySQLi\Connection.php(331): mysqli->query('SELECT `id_mach...')
#1 D:\data yudhi MIS\projects\GO-MEKANIK-API\system\Database\BaseConnection.php(741): CodeIgniter\Database\MySQLi\Connection->execute('SELECT `id_mach...')
#2 D:\data yudhi MIS\projects\GO-MEKANIK-API\system\Database\BaseConnection.php(669): CodeIgniter\Database\BaseConnection->simpleQuery('SELECT `id_mach...')
#3 D:\data yudhi MIS\projects\GO-MEKANIK-API\system\Database\BaseBuilder.php(1860): CodeIgniter\Database\BaseConnection->query('SELECT `id_mach...', Array, false)
#4 D:\data yudhi MIS\projects\GO-MEKANIK-API\system\Model.php(462): CodeIgniter\Database\BaseBuilder->get()
#5 D:\data yudhi MIS\projects\GO-MEKANIK-API\app\Models\MachineBreakdownModel.php(35): CodeIgniter\Model->findAll()
#6 D:\data yudhi MIS\projects\GO-MEKANIK-API\app\Controllers\API\MachineBreakdown.php(17): App\Models\MachineBreakdownModel->getMachinesBreakdown('Waiting...')
#7 D:\data yudhi MIS\projects\GO-MEKANIK-API\system\CodeIgniter.php(918): App\Controllers\API\MachineBreakdown->index()
#8 D:\data yudhi MIS\projects\GO-MEKANIK-API\system\CodeIgniter.php(404): CodeIgniter\CodeIgniter->runController(Object(App\Controllers\API\MachineBreakdown))
#9 D:\data yudhi MIS\projects\GO-MEKANIK-API\system\CodeIgniter.php(312): CodeIgniter\CodeIgniter->handleRequest(NULL, Object(Config\Cache), false)
#10 D:\data yudhi MIS\projects\GO-MEKANIK-API\public\index.php(45): CodeIgniter\CodeIgniter->run()
#11 {main}
CRITICAL - 2021-01-27 02:42:50 --> Unknown column 'type' in 'field list'
#0 D:\data yudhi MIS\projects\GO-MEKANIK-API\system\Database\MySQLi\Connection.php(331): mysqli->query('SELECT `id_mach...')
#1 D:\data yudhi MIS\projects\GO-MEKANIK-API\system\Database\BaseConnection.php(741): CodeIgniter\Database\MySQLi\Connection->execute('SELECT `id_mach...')
#2 D:\data yudhi MIS\projects\GO-MEKANIK-API\system\Database\BaseConnection.php(669): CodeIgniter\Database\BaseConnection->simpleQuery('SELECT `id_mach...')
#3 D:\data yudhi MIS\projects\GO-MEKANIK-API\system\Database\BaseBuilder.php(1860): CodeIgniter\Database\BaseConnection->query('SELECT `id_mach...', Array, false)
#4 D:\data yudhi MIS\projects\GO-MEKANIK-API\system\Model.php(462): CodeIgniter\Database\BaseBuilder->get()
#5 D:\data yudhi MIS\projects\GO-MEKANIK-API\app\Models\MachineBreakdownModel.php(35): CodeIgniter\Model->findAll()
#6 D:\data yudhi MIS\projects\GO-MEKANIK-API\app\Controllers\API\MachineBreakdown.php(17): App\Models\MachineBreakdownModel->getMachinesBreakdown('Waiting...')
#7 D:\data yudhi MIS\projects\GO-MEKANIK-API\system\CodeIgniter.php(918): App\Controllers\API\MachineBreakdown->index()
#8 D:\data yudhi MIS\projects\GO-MEKANIK-API\system\CodeIgniter.php(404): CodeIgniter\CodeIgniter->runController(Object(App\Controllers\API\MachineBreakdown))
#9 D:\data yudhi MIS\projects\GO-MEKANIK-API\system\CodeIgniter.php(312): CodeIgniter\CodeIgniter->handleRequest(NULL, Object(Config\Cache), false)
#10 D:\data yudhi MIS\projects\GO-MEKANIK-API\public\index.php(45): CodeIgniter\CodeIgniter->run()
#11 {main}
