CRITICAL - 2020-12-25 22:48:33 --> Trying to get property 'id_mechine_breakdown' of non-object
#0 D:\data yudhi MIS\projects\GO-MEKANIK-API\app\Controllers\API\MekanikRepairing.php(82): CodeIgniter\Debug\Exceptions->errorHandler(8, 'Trying to get p...', 'D:\\data yudhi M...', 82, Array)
#1 D:\data yudhi MIS\projects\GO-MEKANIK-API\system\CodeIgniter.php(918): App\Controllers\API\MekanikRepairing->cancelRepairingNotification()
#2 D:\data yudhi MIS\projects\GO-MEKANIK-API\system\CodeIgniter.php(404): CodeIgniter\CodeIgniter->runController(Object(App\Controllers\API\MekanikRepairing))
#3 D:\data yudhi MIS\projects\GO-MEKANIK-API\system\CodeIgniter.php(312): CodeIgniter\CodeIgniter->handleRequest(NULL, Object(Config\Cache), false)
#4 D:\data yudhi MIS\projects\GO-MEKANIK-API\public\index.php(45): CodeIgniter\CodeIgniter->run()
#5 {main}
CRITICAL - 2020-12-25 22:53:36 --> Trying to get property 'id_mechine_breakdown' of non-object
#0 D:\data yudhi MIS\projects\GO-MEKANIK-API\app\Controllers\API\MekanikRepairing.php(82): CodeIgniter\Debug\Exceptions->errorHandler(8, 'Trying to get p...', 'D:\\data yudhi M...', 82, Array)
#1 D:\data yudhi MIS\projects\GO-MEKANIK-API\system\CodeIgniter.php(918): App\Controllers\API\MekanikRepairing->cancelRepairingNotification()
#2 D:\data yudhi MIS\projects\GO-MEKANIK-API\system\CodeIgniter.php(404): CodeIgniter\CodeIgniter->runController(Object(App\Controllers\API\MekanikRepairing))
#3 D:\data yudhi MIS\projects\GO-MEKANIK-API\system\CodeIgniter.php(312): CodeIgniter\CodeIgniter->handleRequest(NULL, Object(Config\Cache), false)
#4 D:\data yudhi MIS\projects\GO-MEKANIK-API\public\index.php(45): CodeIgniter\CodeIgniter->run()
#5 {main}
CRITICAL - 2020-12-25 22:55:36 --> Undefined index: id_mechine_breakdown
#0 D:\data yudhi MIS\projects\GO-MEKANIK-API\app\Controllers\API\MekanikRepairing.php(82): CodeIgniter\Debug\Exceptions->errorHandler(8, 'Undefined index...', 'D:\\data yudhi M...', 82, Array)
#1 D:\data yudhi MIS\projects\GO-MEKANIK-API\system\CodeIgniter.php(918): App\Controllers\API\MekanikRepairing->cancelRepairingNotification()
#2 D:\data yudhi MIS\projects\GO-MEKANIK-API\system\CodeIgniter.php(404): CodeIgniter\CodeIgniter->runController(Object(App\Controllers\API\MekanikRepairing))
#3 D:\data yudhi MIS\projects\GO-MEKANIK-API\system\CodeIgniter.php(312): CodeIgniter\CodeIgniter->handleRequest(NULL, Object(Config\Cache), false)
#4 D:\data yudhi MIS\projects\GO-MEKANIK-API\public\index.php(45): CodeIgniter\CodeIgniter->run()
#5 {main}
CRITICAL - 2020-12-25 23:12:05 --> Array to string conversion
#0 D:\data yudhi MIS\projects\GO-MEKANIK-API\app\Controllers\API\MekanikRepairing.php(82): CodeIgniter\Debug\Exceptions->errorHandler(8, 'Array to string...', 'D:\\data yudhi M...', 82, Array)
#1 D:\data yudhi MIS\projects\GO-MEKANIK-API\system\CodeIgniter.php(918): App\Controllers\API\MekanikRepairing->cancelRepairingNotification()
#2 D:\data yudhi MIS\projects\GO-MEKANIK-API\system\CodeIgniter.php(404): CodeIgniter\CodeIgniter->runController(Object(App\Controllers\API\MekanikRepairing))
#3 D:\data yudhi MIS\projects\GO-MEKANIK-API\system\CodeIgniter.php(312): CodeIgniter\CodeIgniter->handleRequest(NULL, Object(Config\Cache), false)
#4 D:\data yudhi MIS\projects\GO-MEKANIK-API\public\index.php(45): CodeIgniter\CodeIgniter->run()
#5 {main}
CRITICAL - 2020-12-25 23:19:53 --> Undefined index: id_mechine_breakdown
#0 D:\data yudhi MIS\projects\GO-MEKANIK-API\app\Controllers\API\MekanikRepairing.php(85): CodeIgniter\Debug\Exceptions->errorHandler(8, 'Undefined index...', 'D:\\data yudhi M...', 85, Array)
#1 D:\data yudhi MIS\projects\GO-MEKANIK-API\system\CodeIgniter.php(918): App\Controllers\API\MekanikRepairing->cancelRepairingNotification()
#2 D:\data yudhi MIS\projects\GO-MEKANIK-API\system\CodeIgniter.php(404): CodeIgniter\CodeIgniter->runController(Object(App\Controllers\API\MekanikRepairing))
#3 D:\data yudhi MIS\projects\GO-MEKANIK-API\system\CodeIgniter.php(312): CodeIgniter\CodeIgniter->handleRequest(NULL, Object(Config\Cache), false)
#4 D:\data yudhi MIS\projects\GO-MEKANIK-API\public\index.php(45): CodeIgniter\CodeIgniter->run()
#5 {main}
CRITICAL - 2020-12-25 23:21:56 --> Trying to get property 'id_mechine_breakdown' of non-object
#0 D:\data yudhi MIS\projects\GO-MEKANIK-API\app\Controllers\API\MekanikRepairing.php(85): CodeIgniter\Debug\Exceptions->errorHandler(8, 'Trying to get p...', 'D:\\data yudhi M...', 85, Array)
#1 D:\data yudhi MIS\projects\GO-MEKANIK-API\system\CodeIgniter.php(918): App\Controllers\API\MekanikRepairing->cancelRepairingNotification()
#2 D:\data yudhi MIS\projects\GO-MEKANIK-API\system\CodeIgniter.php(404): CodeIgniter\CodeIgniter->runController(Object(App\Controllers\API\MekanikRepairing))
#3 D:\data yudhi MIS\projects\GO-MEKANIK-API\system\CodeIgniter.php(312): CodeIgniter\CodeIgniter->handleRequest(NULL, Object(Config\Cache), false)
#4 D:\data yudhi MIS\projects\GO-MEKANIK-API\public\index.php(45): CodeIgniter\CodeIgniter->run()
#5 {main}
CRITICAL - 2020-12-25 23:22:26 --> Array to string conversion
#0 D:\data yudhi MIS\projects\GO-MEKANIK-API\app\Controllers\API\MekanikRepairing.php(82): CodeIgniter\Debug\Exceptions->errorHandler(8, 'Array to string...', 'D:\\data yudhi M...', 82, Array)
#1 D:\data yudhi MIS\projects\GO-MEKANIK-API\system\CodeIgniter.php(918): App\Controllers\API\MekanikRepairing->cancelRepairingNotification()
#2 D:\data yudhi MIS\projects\GO-MEKANIK-API\system\CodeIgniter.php(404): CodeIgniter\CodeIgniter->runController(Object(App\Controllers\API\MekanikRepairing))
#3 D:\data yudhi MIS\projects\GO-MEKANIK-API\system\CodeIgniter.php(312): CodeIgniter\CodeIgniter->handleRequest(NULL, Object(Config\Cache), false)
#4 D:\data yudhi MIS\projects\GO-MEKANIK-API\public\index.php(45): CodeIgniter\CodeIgniter->run()
#5 {main}
CRITICAL - 2020-12-25 23:24:31 --> Trying to get property 'line' of non-object
#0 D:\data yudhi MIS\projects\GO-MEKANIK-API\app\Controllers\API\MekanikRepairing.php(87): CodeIgniter\Debug\Exceptions->errorHandler(8, 'Trying to get p...', 'D:\\data yudhi M...', 87, Array)
#1 D:\data yudhi MIS\projects\GO-MEKANIK-API\system\CodeIgniter.php(918): App\Controllers\API\MekanikRepairing->cancelRepairingNotification()
#2 D:\data yudhi MIS\projects\GO-MEKANIK-API\system\CodeIgniter.php(404): CodeIgniter\CodeIgniter->runController(Object(App\Controllers\API\MekanikRepairing))
#3 D:\data yudhi MIS\projects\GO-MEKANIK-API\system\CodeIgniter.php(312): CodeIgniter\CodeIgniter->handleRequest(NULL, Object(Config\Cache), false)
#4 D:\data yudhi MIS\projects\GO-MEKANIK-API\public\index.php(45): CodeIgniter\CodeIgniter->run()
#5 {main}
CRITICAL - 2020-12-25 23:26:10 --> Call to undefined method App\Models\DeviceTokensModel::getAll
#0 D:\data yudhi MIS\projects\GO-MEKANIK-API\app\Models\DeviceTokensModel.php(22): CodeIgniter\Model->__call('getAll', Array)
#1 D:\data yudhi MIS\projects\GO-MEKANIK-API\app\Controllers\API\MekanikRepairing.php(94): App\Models\DeviceTokensModel->getDevicesTokens()
#2 D:\data yudhi MIS\projects\GO-MEKANIK-API\system\CodeIgniter.php(918): App\Controllers\API\MekanikRepairing->cancelRepairingNotification()
#3 D:\data yudhi MIS\projects\GO-MEKANIK-API\system\CodeIgniter.php(404): CodeIgniter\CodeIgniter->runController(Object(App\Controllers\API\MekanikRepairing))
#4 D:\data yudhi MIS\projects\GO-MEKANIK-API\system\CodeIgniter.php(312): CodeIgniter\CodeIgniter->handleRequest(NULL, Object(Config\Cache), false)
#5 D:\data yudhi MIS\projects\GO-MEKANIK-API\public\index.php(45): CodeIgniter\CodeIgniter->run()
#6 {main}
CRITICAL - 2020-12-25 23:27:33 --> Trying to get property 'token' of non-object
#0 D:\data yudhi MIS\projects\GO-MEKANIK-API\app\Controllers\API\MekanikRepairing.php(98): CodeIgniter\Debug\Exceptions->errorHandler(8, 'Trying to get p...', 'D:\\data yudhi M...', 98, Array)
#1 D:\data yudhi MIS\projects\GO-MEKANIK-API\system\CodeIgniter.php(918): App\Controllers\API\MekanikRepairing->cancelRepairingNotification()
#2 D:\data yudhi MIS\projects\GO-MEKANIK-API\system\CodeIgniter.php(404): CodeIgniter\CodeIgniter->runController(Object(App\Controllers\API\MekanikRepairing))
#3 D:\data yudhi MIS\projects\GO-MEKANIK-API\system\CodeIgniter.php(312): CodeIgniter\CodeIgniter->handleRequest(NULL, Object(Config\Cache), false)
#4 D:\data yudhi MIS\projects\GO-MEKANIK-API\public\index.php(45): CodeIgniter\CodeIgniter->run()
#5 {main}
CRITICAL - 2020-12-25 23:30:46 --> Object of class App\Models\DeviceTokensModel could not be converted to string
#0 D:\data yudhi MIS\projects\GO-MEKANIK-API\app\Controllers\API\MekanikRepairing.php(114): CodeIgniter\Debug\Exceptions->errorHandler(4096, 'Object of class...', 'D:\\data yudhi M...', 114, Array)
#1 D:\data yudhi MIS\projects\GO-MEKANIK-API\system\CodeIgniter.php(918): App\Controllers\API\MekanikRepairing->cancelRepairingNotification()
#2 D:\data yudhi MIS\projects\GO-MEKANIK-API\system\CodeIgniter.php(404): CodeIgniter\CodeIgniter->runController(Object(App\Controllers\API\MekanikRepairing))
#3 D:\data yudhi MIS\projects\GO-MEKANIK-API\system\CodeIgniter.php(312): CodeIgniter\CodeIgniter->handleRequest(NULL, Object(Config\Cache), false)
#4 D:\data yudhi MIS\projects\GO-MEKANIK-API\public\index.php(45): CodeIgniter\CodeIgniter->run()
#5 {main}
CRITICAL - 2020-12-25 23:30:46 --> Uncaught CodeIgniter\Format\Exceptions\FormatException: Failed to parse json string, error: "Type is not supported". in D:\data yudhi MIS\projects\GO-MEKANIK-API\system\Format\Exceptions\FormatException.php:9
Stack trace:
#0 D:\data yudhi MIS\projects\GO-MEKANIK-API\system\Format\JSONFormatter.php(71): CodeIgniter\Format\Exceptions\FormatException::forInvalidJSON('Type is not sup...')
#1 D:\data yudhi MIS\projects\GO-MEKANIK-API\system\API\ResponseTrait.php(414): CodeIgniter\Format\JSONFormatter->format(Array)
#2 D:\data yudhi MIS\projects\GO-MEKANIK-API\system\API\ResponseTrait.php(134): CodeIgniter\Debug\Exceptions->format(Array)
#3 D:\data yudhi MIS\projects\GO-MEKANIK-API\system\Debug\Exceptions.php(168): CodeIgniter\Debug\Exceptions->respond(Array, 500)
#4 [internal function]: CodeIgniter\Debug\Exceptions->exceptionHandler(Object(ErrorException))
#5 {main}
  thrown
#0 [internal function]: CodeIgniter\Debug\Exceptions->shutdownHandler()
#1 {main}
CRITICAL - 2020-12-25 23:31:14 --> Object of class App\Models\DeviceTokensModel could not be converted to string
#0 D:\data yudhi MIS\projects\GO-MEKANIK-API\app\Controllers\API\MekanikRepairing.php(114): CodeIgniter\Debug\Exceptions->errorHandler(4096, 'Object of class...', 'D:\\data yudhi M...', 114, Array)
#1 D:\data yudhi MIS\projects\GO-MEKANIK-API\system\CodeIgniter.php(918): App\Controllers\API\MekanikRepairing->cancelRepairingNotification()
#2 D:\data yudhi MIS\projects\GO-MEKANIK-API\system\CodeIgniter.php(404): CodeIgniter\CodeIgniter->runController(Object(App\Controllers\API\MekanikRepairing))
#3 D:\data yudhi MIS\projects\GO-MEKANIK-API\system\CodeIgniter.php(312): CodeIgniter\CodeIgniter->handleRequest(NULL, Object(Config\Cache), false)
#4 D:\data yudhi MIS\projects\GO-MEKANIK-API\public\index.php(45): CodeIgniter\CodeIgniter->run()
#5 {main}
CRITICAL - 2020-12-25 23:31:14 --> Uncaught CodeIgniter\Format\Exceptions\FormatException: Failed to parse json string, error: "Type is not supported". in D:\data yudhi MIS\projects\GO-MEKANIK-API\system\Format\Exceptions\FormatException.php:9
Stack trace:
#0 D:\data yudhi MIS\projects\GO-MEKANIK-API\system\Format\JSONFormatter.php(71): CodeIgniter\Format\Exceptions\FormatException::forInvalidJSON('Type is not sup...')
#1 D:\data yudhi MIS\projects\GO-MEKANIK-API\system\API\ResponseTrait.php(414): CodeIgniter\Format\JSONFormatter->format(Array)
#2 D:\data yudhi MIS\projects\GO-MEKANIK-API\system\API\ResponseTrait.php(134): CodeIgniter\Debug\Exceptions->format(Array)
#3 D:\data yudhi MIS\projects\GO-MEKANIK-API\system\Debug\Exceptions.php(168): CodeIgniter\Debug\Exceptions->respond(Array, 500)
#4 [internal function]: CodeIgniter\Debug\Exceptions->exceptionHandler(Object(ErrorException))
#5 {main}
  thrown
#0 [internal function]: CodeIgniter\Debug\Exceptions->shutdownHandler()
#1 {main}
CRITICAL - 2020-12-25 23:36:41 --> Call to undefined method App\Models\DeviceTokensModel::getAll
#0 D:\data yudhi MIS\projects\GO-MEKANIK-API\app\Models\DeviceTokensModel.php(22): CodeIgniter\Model->__call('getAll', Array)
#1 D:\data yudhi MIS\projects\GO-MEKANIK-API\app\Controllers\API\MekanikRepairing.php(94): App\Models\DeviceTokensModel->getDevicesTokens()
#2 D:\data yudhi MIS\projects\GO-MEKANIK-API\system\CodeIgniter.php(918): App\Controllers\API\MekanikRepairing->cancelRepairingNotification()
#3 D:\data yudhi MIS\projects\GO-MEKANIK-API\system\CodeIgniter.php(404): CodeIgniter\CodeIgniter->runController(Object(App\Controllers\API\MekanikRepairing))
#4 D:\data yudhi MIS\projects\GO-MEKANIK-API\system\CodeIgniter.php(312): CodeIgniter\CodeIgniter->handleRequest(NULL, Object(Config\Cache), false)
#5 D:\data yudhi MIS\projects\GO-MEKANIK-API\public\index.php(45): CodeIgniter\CodeIgniter->run()
#6 {main}
CRITICAL - 2020-12-25 23:57:09 --> Undefined index: line
#0 D:\data yudhi MIS\projects\GO-MEKANIK-API\app\Controllers\API\MekanikRepairing.php(78): CodeIgniter\Debug\Exceptions->errorHandler(8, 'Undefined index...', 'D:\\data yudhi M...', 78, Array)
#1 D:\data yudhi MIS\projects\GO-MEKANIK-API\system\CodeIgniter.php(918): App\Controllers\API\MekanikRepairing->cancelMekanikRepairing()
#2 D:\data yudhi MIS\projects\GO-MEKANIK-API\system\CodeIgniter.php(404): CodeIgniter\CodeIgniter->runController(Object(App\Controllers\API\MekanikRepairing))
#3 D:\data yudhi MIS\projects\GO-MEKANIK-API\system\CodeIgniter.php(312): CodeIgniter\CodeIgniter->handleRequest(NULL, Object(Config\Cache), false)
#4 D:\data yudhi MIS\projects\GO-MEKANIK-API\public\index.php(45): CodeIgniter\CodeIgniter->run()
#5 {main}
CRITICAL - 2020-12-25 23:59:34 --> Undefined index: line
#0 D:\data yudhi MIS\projects\GO-MEKANIK-API\app\Controllers\API\MekanikRepairing.php(78): CodeIgniter\Debug\Exceptions->errorHandler(8, 'Undefined index...', 'D:\\data yudhi M...', 78, Array)
#1 D:\data yudhi MIS\projects\GO-MEKANIK-API\system\CodeIgniter.php(918): App\Controllers\API\MekanikRepairing->cancelMekanikRepairing()
#2 D:\data yudhi MIS\projects\GO-MEKANIK-API\system\CodeIgniter.php(404): CodeIgniter\CodeIgniter->runController(Object(App\Controllers\API\MekanikRepairing))
#3 D:\data yudhi MIS\projects\GO-MEKANIK-API\system\CodeIgniter.php(312): CodeIgniter\CodeIgniter->handleRequest(NULL, Object(Config\Cache), false)
#4 D:\data yudhi MIS\projects\GO-MEKANIK-API\public\index.php(45): CodeIgniter\CodeIgniter->run()
#5 {main}
