CRITICAL - 2021-04-03 00:50:20 --> Unable to connect to the database.
#0 C:\laragon\www\GO-MEKANIK-API\system\Database\BaseConnection.php(646): CodeIgniter\Database\BaseConnection->initialize()
#1 C:\laragon\www\GO-MEKANIK-API\system\Database\BaseBuilder.php(1860): CodeIgniter\Database\BaseConnection->query('SELECT `id_mach...', Array, false)
#2 C:\laragon\www\GO-MEKANIK-API\system\Model.php(462): CodeIgniter\Database\BaseBuilder->get()
#3 C:\laragon\www\GO-MEKANIK-API\app\Models\ViewMachinesBreakdownModel.php(36): CodeIgniter\Model->findAll()
#4 C:\laragon\www\GO-MEKANIK-API\app\Controllers\API\MachineBreakdown.php(20): App\Models\ViewMachinesBreakdownModel->getMachinesBreakdown('Waiting...')
#5 C:\laragon\www\GO-MEKANIK-API\system\CodeIgniter.php(918): App\Controllers\API\MachineBreakdown->index()
#6 C:\laragon\www\GO-MEKANIK-API\system\CodeIgniter.php(404): CodeIgniter\CodeIgniter->runController(Object(App\Controllers\API\MachineBreakdown))
#7 C:\laragon\www\GO-MEKANIK-API\system\CodeIgniter.php(312): CodeIgniter\CodeIgniter->handleRequest(NULL, Object(Config\Cache), false)
#8 C:\laragon\www\GO-MEKANIK-API\public\index.php(45): CodeIgniter\CodeIgniter->run()
#9 {main}
CRITICAL - 2021-04-03 00:50:20 --> Unable to connect to the database.
#0 C:\laragon\www\GO-MEKANIK-API\system\Database\BaseConnection.php(646): CodeIgniter\Database\BaseConnection->initialize()
#1 C:\laragon\www\GO-MEKANIK-API\system\Database\BaseBuilder.php(1860): CodeIgniter\Database\BaseConnection->query('SELECT `id_mach...', Array, false)
#2 C:\laragon\www\GO-MEKANIK-API\system\Model.php(462): CodeIgniter\Database\BaseBuilder->get()
#3 C:\laragon\www\GO-MEKANIK-API\app\Models\ViewMachinesBreakdownModel.php(36): CodeIgniter\Model->findAll()
#4 C:\laragon\www\GO-MEKANIK-API\app\Controllers\API\MachineBreakdown.php(20): App\Models\ViewMachinesBreakdownModel->getMachinesBreakdown('Waiting...')
#5 C:\laragon\www\GO-MEKANIK-API\system\CodeIgniter.php(918): App\Controllers\API\MachineBreakdown->index()
#6 C:\laragon\www\GO-MEKANIK-API\system\CodeIgniter.php(404): CodeIgniter\CodeIgniter->runController(Object(App\Controllers\API\MachineBreakdown))
#7 C:\laragon\www\GO-MEKANIK-API\system\CodeIgniter.php(312): CodeIgniter\CodeIgniter->handleRequest(NULL, Object(Config\Cache), false)
#8 C:\laragon\www\GO-MEKANIK-API\public\index.php(45): CodeIgniter\CodeIgniter->run()
#9 {main}
CRITICAL - 2021-04-03 00:50:28 --> Unable to connect to the database.
#0 C:\laragon\www\GO-MEKANIK-API\system\Database\BaseConnection.php(646): CodeIgniter\Database\BaseConnection->initialize()
#1 C:\laragon\www\GO-MEKANIK-API\system\Database\BaseBuilder.php(1860): CodeIgniter\Database\BaseConnection->query('SELECT `id_mach...', Array, false)
#2 C:\laragon\www\GO-MEKANIK-API\system\Model.php(462): CodeIgniter\Database\BaseBuilder->get()
#3 C:\laragon\www\GO-MEKANIK-API\app\Models\ViewMachinesBreakdownModel.php(36): CodeIgniter\Model->findAll()
#4 C:\laragon\www\GO-MEKANIK-API\app\Controllers\API\MachineBreakdown.php(20): App\Models\ViewMachinesBreakdownModel->getMachinesBreakdown('Waiting...')
#5 C:\laragon\www\GO-MEKANIK-API\system\CodeIgniter.php(918): App\Controllers\API\MachineBreakdown->index()
#6 C:\laragon\www\GO-MEKANIK-API\system\CodeIgniter.php(404): CodeIgniter\CodeIgniter->runController(Object(App\Controllers\API\MachineBreakdown))
#7 C:\laragon\www\GO-MEKANIK-API\system\CodeIgniter.php(312): CodeIgniter\CodeIgniter->handleRequest(NULL, Object(Config\Cache), false)
#8 C:\laragon\www\GO-MEKANIK-API\public\index.php(45): CodeIgniter\CodeIgniter->run()
#9 {main}
CRITICAL - 2021-04-03 00:50:28 --> Unable to connect to the database.
#0 C:\laragon\www\GO-MEKANIK-API\system\Database\BaseConnection.php(646): CodeIgniter\Database\BaseConnection->initialize()
#1 C:\laragon\www\GO-MEKANIK-API\system\Database\BaseBuilder.php(1860): CodeIgniter\Database\BaseConnection->query('SELECT `id_mach...', Array, false)
#2 C:\laragon\www\GO-MEKANIK-API\system\Model.php(462): CodeIgniter\Database\BaseBuilder->get()
#3 C:\laragon\www\GO-MEKANIK-API\app\Models\ViewMachinesBreakdownModel.php(36): CodeIgniter\Model->findAll()
#4 C:\laragon\www\GO-MEKANIK-API\app\Controllers\API\MachineBreakdown.php(20): App\Models\ViewMachinesBreakdownModel->getMachinesBreakdown('Waiting...')
#5 C:\laragon\www\GO-MEKANIK-API\system\CodeIgniter.php(918): App\Controllers\API\MachineBreakdown->index()
#6 C:\laragon\www\GO-MEKANIK-API\system\CodeIgniter.php(404): CodeIgniter\CodeIgniter->runController(Object(App\Controllers\API\MachineBreakdown))
#7 C:\laragon\www\GO-MEKANIK-API\system\CodeIgniter.php(312): CodeIgniter\CodeIgniter->handleRequest(NULL, Object(Config\Cache), false)
#8 C:\laragon\www\GO-MEKANIK-API\public\index.php(45): CodeIgniter\CodeIgniter->run()
#9 {main}
CRITICAL - 2021-04-03 00:50:29 --> Unable to connect to the database.
#0 C:\laragon\www\GO-MEKANIK-API\system\Database\BaseConnection.php(646): CodeIgniter\Database\BaseConnection->initialize()
#1 C:\laragon\www\GO-MEKANIK-API\system\Database\BaseBuilder.php(1860): CodeIgniter\Database\BaseConnection->query('SELECT `id_mach...', Array, false)
#2 C:\laragon\www\GO-MEKANIK-API\system\Model.php(462): CodeIgniter\Database\BaseBuilder->get()
#3 C:\laragon\www\GO-MEKANIK-API\app\Models\ViewMachinesBreakdownModel.php(36): CodeIgniter\Model->findAll()
#4 C:\laragon\www\GO-MEKANIK-API\app\Controllers\API\MachineBreakdown.php(20): App\Models\ViewMachinesBreakdownModel->getMachinesBreakdown('Waiting...')
#5 C:\laragon\www\GO-MEKANIK-API\system\CodeIgniter.php(918): App\Controllers\API\MachineBreakdown->index()
#6 C:\laragon\www\GO-MEKANIK-API\system\CodeIgniter.php(404): CodeIgniter\CodeIgniter->runController(Object(App\Controllers\API\MachineBreakdown))
#7 C:\laragon\www\GO-MEKANIK-API\system\CodeIgniter.php(312): CodeIgniter\CodeIgniter->handleRequest(NULL, Object(Config\Cache), false)
#8 C:\laragon\www\GO-MEKANIK-API\public\index.php(45): CodeIgniter\CodeIgniter->run()
#9 {main}
CRITICAL - 2021-04-03 00:50:29 --> Unable to connect to the database.
#0 C:\laragon\www\GO-MEKANIK-API\system\Database\BaseConnection.php(646): CodeIgniter\Database\BaseConnection->initialize()
#1 C:\laragon\www\GO-MEKANIK-API\system\Database\BaseBuilder.php(1860): CodeIgniter\Database\BaseConnection->query('SELECT `id_mach...', Array, false)
#2 C:\laragon\www\GO-MEKANIK-API\system\Model.php(462): CodeIgniter\Database\BaseBuilder->get()
#3 C:\laragon\www\GO-MEKANIK-API\app\Models\ViewMachinesBreakdownModel.php(36): CodeIgniter\Model->findAll()
#4 C:\laragon\www\GO-MEKANIK-API\app\Controllers\API\MachineBreakdown.php(20): App\Models\ViewMachinesBreakdownModel->getMachinesBreakdown('Waiting...')
#5 C:\laragon\www\GO-MEKANIK-API\system\CodeIgniter.php(918): App\Controllers\API\MachineBreakdown->index()
#6 C:\laragon\www\GO-MEKANIK-API\system\CodeIgniter.php(404): CodeIgniter\CodeIgniter->runController(Object(App\Controllers\API\MachineBreakdown))
#7 C:\laragon\www\GO-MEKANIK-API\system\CodeIgniter.php(312): CodeIgniter\CodeIgniter->handleRequest(NULL, Object(Config\Cache), false)
#8 C:\laragon\www\GO-MEKANIK-API\public\index.php(45): CodeIgniter\CodeIgniter->run()
#9 {main}
CRITICAL - 2021-04-03 00:50:30 --> Unable to connect to the database.
#0 C:\laragon\www\GO-MEKANIK-API\system\Database\BaseConnection.php(646): CodeIgniter\Database\BaseConnection->initialize()
#1 C:\laragon\www\GO-MEKANIK-API\system\Database\BaseBuilder.php(1860): CodeIgniter\Database\BaseConnection->query('SELECT `id_mach...', Array, false)
#2 C:\laragon\www\GO-MEKANIK-API\system\Model.php(462): CodeIgniter\Database\BaseBuilder->get()
#3 C:\laragon\www\GO-MEKANIK-API\app\Models\ViewMachinesBreakdownModel.php(36): CodeIgniter\Model->findAll()
#4 C:\laragon\www\GO-MEKANIK-API\app\Controllers\API\MachineBreakdown.php(20): App\Models\ViewMachinesBreakdownModel->getMachinesBreakdown('Waiting...')
#5 C:\laragon\www\GO-MEKANIK-API\system\CodeIgniter.php(918): App\Controllers\API\MachineBreakdown->index()
#6 C:\laragon\www\GO-MEKANIK-API\system\CodeIgniter.php(404): CodeIgniter\CodeIgniter->runController(Object(App\Controllers\API\MachineBreakdown))
#7 C:\laragon\www\GO-MEKANIK-API\system\CodeIgniter.php(312): CodeIgniter\CodeIgniter->handleRequest(NULL, Object(Config\Cache), false)
#8 C:\laragon\www\GO-MEKANIK-API\public\index.php(45): CodeIgniter\CodeIgniter->run()
#9 {main}
CRITICAL - 2021-04-03 01:15:17 --> Unable to connect to the database.
#0 C:\laragon\www\GO-MEKANIK-API\system\Database\BaseConnection.php(646): CodeIgniter\Database\BaseConnection->initialize()
#1 C:\laragon\www\GO-MEKANIK-API\system\Database\BaseBuilder.php(1860): CodeIgniter\Database\BaseConnection->query('SELECT `id_mach...', Array, false)
#2 C:\laragon\www\GO-MEKANIK-API\system\Model.php(462): CodeIgniter\Database\BaseBuilder->get()
#3 C:\laragon\www\GO-MEKANIK-API\app\Models\ViewMachinesBreakdownModel.php(36): CodeIgniter\Model->findAll()
#4 C:\laragon\www\GO-MEKANIK-API\app\Controllers\API\MachineBreakdown.php(20): App\Models\ViewMachinesBreakdownModel->getMachinesBreakdown('Waiting...')
#5 C:\laragon\www\GO-MEKANIK-API\system\CodeIgniter.php(918): App\Controllers\API\MachineBreakdown->index()
#6 C:\laragon\www\GO-MEKANIK-API\system\CodeIgniter.php(404): CodeIgniter\CodeIgniter->runController(Object(App\Controllers\API\MachineBreakdown))
#7 C:\laragon\www\GO-MEKANIK-API\system\CodeIgniter.php(312): CodeIgniter\CodeIgniter->handleRequest(NULL, Object(Config\Cache), false)
#8 C:\laragon\www\GO-MEKANIK-API\public\index.php(45): CodeIgniter\CodeIgniter->run()
#9 {main}
CRITICAL - 2021-04-03 01:15:17 --> Unable to connect to the database.
#0 C:\laragon\www\GO-MEKANIK-API\system\Database\BaseConnection.php(646): CodeIgniter\Database\BaseConnection->initialize()
#1 C:\laragon\www\GO-MEKANIK-API\system\Database\BaseBuilder.php(1860): CodeIgniter\Database\BaseConnection->query('SELECT `id_mach...', Array, false)
#2 C:\laragon\www\GO-MEKANIK-API\system\Model.php(462): CodeIgniter\Database\BaseBuilder->get()
#3 C:\laragon\www\GO-MEKANIK-API\app\Models\ViewMachinesBreakdownModel.php(36): CodeIgniter\Model->findAll()
#4 C:\laragon\www\GO-MEKANIK-API\app\Controllers\API\MachineBreakdown.php(20): App\Models\ViewMachinesBreakdownModel->getMachinesBreakdown('Waiting...')
#5 C:\laragon\www\GO-MEKANIK-API\system\CodeIgniter.php(918): App\Controllers\API\MachineBreakdown->index()
#6 C:\laragon\www\GO-MEKANIK-API\system\CodeIgniter.php(404): CodeIgniter\CodeIgniter->runController(Object(App\Controllers\API\MachineBreakdown))
#7 C:\laragon\www\GO-MEKANIK-API\system\CodeIgniter.php(312): CodeIgniter\CodeIgniter->handleRequest(NULL, Object(Config\Cache), false)
#8 C:\laragon\www\GO-MEKANIK-API\public\index.php(45): CodeIgniter\CodeIgniter->run()
#9 {main}
CRITICAL - 2021-04-03 01:15:24 --> Unable to connect to the database.
#0 C:\laragon\www\GO-MEKANIK-API\system\Database\BaseConnection.php(646): CodeIgniter\Database\BaseConnection->initialize()
#1 C:\laragon\www\GO-MEKANIK-API\system\Database\BaseBuilder.php(1860): CodeIgniter\Database\BaseConnection->query('SELECT `id_mach...', Array, false)
#2 C:\laragon\www\GO-MEKANIK-API\system\Model.php(462): CodeIgniter\Database\BaseBuilder->get()
#3 C:\laragon\www\GO-MEKANIK-API\app\Models\ViewMachinesBreakdownModel.php(36): CodeIgniter\Model->findAll()
#4 C:\laragon\www\GO-MEKANIK-API\app\Controllers\API\MachineBreakdown.php(20): App\Models\ViewMachinesBreakdownModel->getMachinesBreakdown('Waiting...')
#5 C:\laragon\www\GO-MEKANIK-API\system\CodeIgniter.php(918): App\Controllers\API\MachineBreakdown->index()
#6 C:\laragon\www\GO-MEKANIK-API\system\CodeIgniter.php(404): CodeIgniter\CodeIgniter->runController(Object(App\Controllers\API\MachineBreakdown))
#7 C:\laragon\www\GO-MEKANIK-API\system\CodeIgniter.php(312): CodeIgniter\CodeIgniter->handleRequest(NULL, Object(Config\Cache), false)
#8 C:\laragon\www\GO-MEKANIK-API\public\index.php(45): CodeIgniter\CodeIgniter->run()
#9 {main}
CRITICAL - 2021-04-03 01:15:30 --> Unable to connect to the database.
#0 C:\laragon\www\GO-MEKANIK-API\system\Database\BaseConnection.php(646): CodeIgniter\Database\BaseConnection->initialize()
#1 C:\laragon\www\GO-MEKANIK-API\system\Database\BaseBuilder.php(1860): CodeIgniter\Database\BaseConnection->query('SELECT `id_mach...', Array, false)
#2 C:\laragon\www\GO-MEKANIK-API\system\Model.php(462): CodeIgniter\Database\BaseBuilder->get()
#3 C:\laragon\www\GO-MEKANIK-API\app\Models\ViewMachinesBreakdownModel.php(36): CodeIgniter\Model->findAll()
#4 C:\laragon\www\GO-MEKANIK-API\app\Controllers\API\MachineBreakdown.php(20): App\Models\ViewMachinesBreakdownModel->getMachinesBreakdown('Waiting...')
#5 C:\laragon\www\GO-MEKANIK-API\system\CodeIgniter.php(918): App\Controllers\API\MachineBreakdown->index()
#6 C:\laragon\www\GO-MEKANIK-API\system\CodeIgniter.php(404): CodeIgniter\CodeIgniter->runController(Object(App\Controllers\API\MachineBreakdown))
#7 C:\laragon\www\GO-MEKANIK-API\system\CodeIgniter.php(312): CodeIgniter\CodeIgniter->handleRequest(NULL, Object(Config\Cache), false)
#8 C:\laragon\www\GO-MEKANIK-API\public\index.php(45): CodeIgniter\CodeIgniter->run()
#9 {main}
CRITICAL - 2021-04-03 01:30:51 --> Unable to connect to the database.
#0 C:\laragon\www\GO-MEKANIK-API\system\Database\BaseConnection.php(646): CodeIgniter\Database\BaseConnection->initialize()
#1 C:\laragon\www\GO-MEKANIK-API\system\Database\BaseBuilder.php(1860): CodeIgniter\Database\BaseConnection->query('SELECT `id_mach...', Array, false)
#2 C:\laragon\www\GO-MEKANIK-API\system\Model.php(462): CodeIgniter\Database\BaseBuilder->get()
#3 C:\laragon\www\GO-MEKANIK-API\app\Models\ViewMachinesBreakdownModel.php(36): CodeIgniter\Model->findAll()
#4 C:\laragon\www\GO-MEKANIK-API\app\Controllers\API\MachineBreakdown.php(20): App\Models\ViewMachinesBreakdownModel->getMachinesBreakdown('Waiting...')
#5 C:\laragon\www\GO-MEKANIK-API\system\CodeIgniter.php(918): App\Controllers\API\MachineBreakdown->index()
#6 C:\laragon\www\GO-MEKANIK-API\system\CodeIgniter.php(404): CodeIgniter\CodeIgniter->runController(Object(App\Controllers\API\MachineBreakdown))
#7 C:\laragon\www\GO-MEKANIK-API\system\CodeIgniter.php(312): CodeIgniter\CodeIgniter->handleRequest(NULL, Object(Config\Cache), false)
#8 C:\laragon\www\GO-MEKANIK-API\public\index.php(45): CodeIgniter\CodeIgniter->run()
#9 {main}
CRITICAL - 2021-04-03 01:30:52 --> Unable to connect to the database.
#0 C:\laragon\www\GO-MEKANIK-API\system\Database\BaseConnection.php(646): CodeIgniter\Database\BaseConnection->initialize()
#1 C:\laragon\www\GO-MEKANIK-API\system\Database\BaseBuilder.php(1860): CodeIgniter\Database\BaseConnection->query('SELECT `id_mach...', Array, false)
#2 C:\laragon\www\GO-MEKANIK-API\system\Model.php(462): CodeIgniter\Database\BaseBuilder->get()
#3 C:\laragon\www\GO-MEKANIK-API\app\Models\ViewMachinesBreakdownModel.php(36): CodeIgniter\Model->findAll()
#4 C:\laragon\www\GO-MEKANIK-API\app\Controllers\API\MachineBreakdown.php(20): App\Models\ViewMachinesBreakdownModel->getMachinesBreakdown('Waiting...')
#5 C:\laragon\www\GO-MEKANIK-API\system\CodeIgniter.php(918): App\Controllers\API\MachineBreakdown->index()
#6 C:\laragon\www\GO-MEKANIK-API\system\CodeIgniter.php(404): CodeIgniter\CodeIgniter->runController(Object(App\Controllers\API\MachineBreakdown))
#7 C:\laragon\www\GO-MEKANIK-API\system\CodeIgniter.php(312): CodeIgniter\CodeIgniter->handleRequest(NULL, Object(Config\Cache), false)
#8 C:\laragon\www\GO-MEKANIK-API\public\index.php(45): CodeIgniter\CodeIgniter->run()
#9 {main}
CRITICAL - 2021-04-03 01:42:56 --> Unable to connect to the database.
#0 C:\laragon\www\GO-MEKANIK-API\system\Database\BaseConnection.php(646): CodeIgniter\Database\BaseConnection->initialize()
#1 C:\laragon\www\GO-MEKANIK-API\system\Database\BaseBuilder.php(1860): CodeIgniter\Database\BaseConnection->query('SELECT `id_mach...', Array, false)
#2 C:\laragon\www\GO-MEKANIK-API\system\Model.php(462): CodeIgniter\Database\BaseBuilder->get()
#3 C:\laragon\www\GO-MEKANIK-API\app\Models\ViewMachinesBreakdownModel.php(36): CodeIgniter\Model->findAll()
#4 C:\laragon\www\GO-MEKANIK-API\app\Controllers\API\MachineBreakdown.php(20): App\Models\ViewMachinesBreakdownModel->getMachinesBreakdown('Waiting...')
#5 C:\laragon\www\GO-MEKANIK-API\system\CodeIgniter.php(918): App\Controllers\API\MachineBreakdown->index()
#6 C:\laragon\www\GO-MEKANIK-API\system\CodeIgniter.php(404): CodeIgniter\CodeIgniter->runController(Object(App\Controllers\API\MachineBreakdown))
#7 C:\laragon\www\GO-MEKANIK-API\system\CodeIgniter.php(312): CodeIgniter\CodeIgniter->handleRequest(NULL, Object(Config\Cache), false)
#8 C:\laragon\www\GO-MEKANIK-API\public\index.php(45): CodeIgniter\CodeIgniter->run()
#9 {main}
CRITICAL - 2021-04-03 04:33:24 --> Unable to connect to the database.
#0 C:\laragon\www\GO-MEKANIK-API\system\Database\BaseConnection.php(646): CodeIgniter\Database\BaseConnection->initialize()
#1 C:\laragon\www\GO-MEKANIK-API\system\Database\BaseBuilder.php(1860): CodeIgniter\Database\BaseConnection->query('SELECT `id_mach...', Array, false)
#2 C:\laragon\www\GO-MEKANIK-API\system\Model.php(462): CodeIgniter\Database\BaseBuilder->get()
#3 C:\laragon\www\GO-MEKANIK-API\app\Models\ViewMachinesBreakdownModel.php(36): CodeIgniter\Model->findAll()
#4 C:\laragon\www\GO-MEKANIK-API\app\Controllers\API\MachineBreakdown.php(20): App\Models\ViewMachinesBreakdownModel->getMachinesBreakdown('Waiting...')
#5 C:\laragon\www\GO-MEKANIK-API\system\CodeIgniter.php(918): App\Controllers\API\MachineBreakdown->index()
#6 C:\laragon\www\GO-MEKANIK-API\system\CodeIgniter.php(404): CodeIgniter\CodeIgniter->runController(Object(App\Controllers\API\MachineBreakdown))
#7 C:\laragon\www\GO-MEKANIK-API\system\CodeIgniter.php(312): CodeIgniter\CodeIgniter->handleRequest(NULL, Object(Config\Cache), false)
#8 C:\laragon\www\GO-MEKANIK-API\public\index.php(45): CodeIgniter\CodeIgniter->run()
#9 {main}
CRITICAL - 2021-04-03 04:33:24 --> Unable to connect to the database.
#0 C:\laragon\www\GO-MEKANIK-API\system\Database\BaseConnection.php(646): CodeIgniter\Database\BaseConnection->initialize()
#1 C:\laragon\www\GO-MEKANIK-API\system\Database\BaseBuilder.php(1860): CodeIgniter\Database\BaseConnection->query('SELECT `id_mach...', Array, false)
#2 C:\laragon\www\GO-MEKANIK-API\system\Model.php(462): CodeIgniter\Database\BaseBuilder->get()
#3 C:\laragon\www\GO-MEKANIK-API\app\Models\ViewMachinesBreakdownModel.php(36): CodeIgniter\Model->findAll()
#4 C:\laragon\www\GO-MEKANIK-API\app\Controllers\API\MachineBreakdown.php(20): App\Models\ViewMachinesBreakdownModel->getMachinesBreakdown('Waiting...')
#5 C:\laragon\www\GO-MEKANIK-API\system\CodeIgniter.php(918): App\Controllers\API\MachineBreakdown->index()
#6 C:\laragon\www\GO-MEKANIK-API\system\CodeIgniter.php(404): CodeIgniter\CodeIgniter->runController(Object(App\Controllers\API\MachineBreakdown))
#7 C:\laragon\www\GO-MEKANIK-API\system\CodeIgniter.php(312): CodeIgniter\CodeIgniter->handleRequest(NULL, Object(Config\Cache), false)
#8 C:\laragon\www\GO-MEKANIK-API\public\index.php(45): CodeIgniter\CodeIgniter->run()
#9 {main}
