CRITICAL - 2021-03-29 22:38:05 --> Unable to connect to the database.
#0 C:\laragon\www\GO-MEKANIK-API\system\Database\BaseConnection.php(646): CodeIgniter\Database\BaseConnection->initialize()
#1 C:\laragon\www\GO-MEKANIK-API\system\Database\BaseBuilder.php(1860): CodeIgniter\Database\BaseConnection->query('SELECT `id_mach...', Array, false)
#2 C:\laragon\www\GO-MEKANIK-API\system\Model.php(462): CodeIgniter\Database\BaseBuilder->get()
#3 C:\laragon\www\GO-MEKANIK-API\app\Models\ViewMachinesBreakdownModel.php(36): CodeIgniter\Model->findAll()
#4 C:\laragon\www\GO-MEKANIK-API\app\Controllers\API\MachineBreakdown.php(20): App\Models\ViewMachinesBreakdownModel->getMachinesBreakdown('Waiting...')
#5 C:\laragon\www\GO-MEKANIK-API\system\CodeIgniter.php(918): App\Controllers\API\MachineBreakdown->index()
#6 C:\laragon\www\GO-MEKANIK-API\system\CodeIgniter.php(404): CodeIgniter\CodeIgniter->runController(Object(App\Controllers\API\MachineBreakdown))
#7 C:\laragon\www\GO-MEKANIK-API\system\CodeIgniter.php(312): CodeIgniter\CodeIgniter->handleRequest(NULL, Object(Config\Cache), false)
#8 C:\laragon\www\GO-MEKANIK-API\public\index.php(45): CodeIgniter\CodeIgniter->run()
#9 {main}
CRITICAL - 2021-03-29 22:38:07 --> Unable to connect to the database.
#0 C:\laragon\www\GO-MEKANIK-API\system\Database\BaseConnection.php(646): CodeIgniter\Database\BaseConnection->initialize()
#1 C:\laragon\www\GO-MEKANIK-API\system\Database\BaseBuilder.php(1860): CodeIgniter\Database\BaseConnection->query('SELECT `id_mach...', Array, false)
#2 C:\laragon\www\GO-MEKANIK-API\system\Model.php(462): CodeIgniter\Database\BaseBuilder->get()
#3 C:\laragon\www\GO-MEKANIK-API\app\Models\ViewMachinesBreakdownModel.php(36): CodeIgniter\Model->findAll()
#4 C:\laragon\www\GO-MEKANIK-API\app\Controllers\API\MachineBreakdown.php(20): App\Models\ViewMachinesBreakdownModel->getMachinesBreakdown('Waiting...')
#5 C:\laragon\www\GO-MEKANIK-API\system\CodeIgniter.php(918): App\Controllers\API\MachineBreakdown->index()
#6 C:\laragon\www\GO-MEKANIK-API\system\CodeIgniter.php(404): CodeIgniter\CodeIgniter->runController(Object(App\Controllers\API\MachineBreakdown))
#7 C:\laragon\www\GO-MEKANIK-API\system\CodeIgniter.php(312): CodeIgniter\CodeIgniter->handleRequest(NULL, Object(Config\Cache), false)
#8 C:\laragon\www\GO-MEKANIK-API\public\index.php(45): CodeIgniter\CodeIgniter->run()
#9 {main}
CRITICAL - 2021-03-29 22:38:08 --> Unable to connect to the database.
#0 C:\laragon\www\GO-MEKANIK-API\system\Database\BaseConnection.php(646): CodeIgniter\Database\BaseConnection->initialize()
#1 C:\laragon\www\GO-MEKANIK-API\system\Database\BaseBuilder.php(1860): CodeIgniter\Database\BaseConnection->query('SELECT `id_mach...', Array, false)
#2 C:\laragon\www\GO-MEKANIK-API\system\Model.php(462): CodeIgniter\Database\BaseBuilder->get()
#3 C:\laragon\www\GO-MEKANIK-API\app\Models\ViewMachinesBreakdownModel.php(36): CodeIgniter\Model->findAll()
#4 C:\laragon\www\GO-MEKANIK-API\app\Controllers\API\MachineBreakdown.php(20): App\Models\ViewMachinesBreakdownModel->getMachinesBreakdown('Waiting...')
#5 C:\laragon\www\GO-MEKANIK-API\system\CodeIgniter.php(918): App\Controllers\API\MachineBreakdown->index()
#6 C:\laragon\www\GO-MEKANIK-API\system\CodeIgniter.php(404): CodeIgniter\CodeIgniter->runController(Object(App\Controllers\API\MachineBreakdown))
#7 C:\laragon\www\GO-MEKANIK-API\system\CodeIgniter.php(312): CodeIgniter\CodeIgniter->handleRequest(NULL, Object(Config\Cache), false)
#8 C:\laragon\www\GO-MEKANIK-API\public\index.php(45): CodeIgniter\CodeIgniter->run()
#9 {main}
CRITICAL - 2021-03-29 22:38:09 --> Unable to connect to the database.
#0 C:\laragon\www\GO-MEKANIK-API\system\Database\BaseConnection.php(646): CodeIgniter\Database\BaseConnection->initialize()
#1 C:\laragon\www\GO-MEKANIK-API\system\Database\BaseBuilder.php(1860): CodeIgniter\Database\BaseConnection->query('SELECT `id_mach...', Array, false)
#2 C:\laragon\www\GO-MEKANIK-API\system\Model.php(462): CodeIgniter\Database\BaseBuilder->get()
#3 C:\laragon\www\GO-MEKANIK-API\app\Models\ViewMachinesBreakdownModel.php(36): CodeIgniter\Model->findAll()
#4 C:\laragon\www\GO-MEKANIK-API\app\Controllers\API\MachineBreakdown.php(20): App\Models\ViewMachinesBreakdownModel->getMachinesBreakdown('Waiting...')
#5 C:\laragon\www\GO-MEKANIK-API\system\CodeIgniter.php(918): App\Controllers\API\MachineBreakdown->index()
#6 C:\laragon\www\GO-MEKANIK-API\system\CodeIgniter.php(404): CodeIgniter\CodeIgniter->runController(Object(App\Controllers\API\MachineBreakdown))
#7 C:\laragon\www\GO-MEKANIK-API\system\CodeIgniter.php(312): CodeIgniter\CodeIgniter->handleRequest(NULL, Object(Config\Cache), false)
#8 C:\laragon\www\GO-MEKANIK-API\public\index.php(45): CodeIgniter\CodeIgniter->run()
#9 {main}
CRITICAL - 2021-03-29 22:38:10 --> Unable to connect to the database.
#0 C:\laragon\www\GO-MEKANIK-API\system\Database\BaseConnection.php(646): CodeIgniter\Database\BaseConnection->initialize()
#1 C:\laragon\www\GO-MEKANIK-API\system\Database\BaseBuilder.php(1860): CodeIgniter\Database\BaseConnection->query('SELECT `id_mach...', Array, false)
#2 C:\laragon\www\GO-MEKANIK-API\system\Model.php(462): CodeIgniter\Database\BaseBuilder->get()
#3 C:\laragon\www\GO-MEKANIK-API\app\Models\ViewMachinesBreakdownModel.php(36): CodeIgniter\Model->findAll()
#4 C:\laragon\www\GO-MEKANIK-API\app\Controllers\API\MachineBreakdown.php(20): App\Models\ViewMachinesBreakdownModel->getMachinesBreakdown('Waiting...')
#5 C:\laragon\www\GO-MEKANIK-API\system\CodeIgniter.php(918): App\Controllers\API\MachineBreakdown->index()
#6 C:\laragon\www\GO-MEKANIK-API\system\CodeIgniter.php(404): CodeIgniter\CodeIgniter->runController(Object(App\Controllers\API\MachineBreakdown))
#7 C:\laragon\www\GO-MEKANIK-API\system\CodeIgniter.php(312): CodeIgniter\CodeIgniter->handleRequest(NULL, Object(Config\Cache), false)
#8 C:\laragon\www\GO-MEKANIK-API\public\index.php(45): CodeIgniter\CodeIgniter->run()
#9 {main}
CRITICAL - 2021-03-29 22:39:09 --> Unable to connect to the database.
#0 C:\laragon\www\GO-MEKANIK-API\system\Database\BaseConnection.php(646): CodeIgniter\Database\BaseConnection->initialize()
#1 C:\laragon\www\GO-MEKANIK-API\system\Database\BaseBuilder.php(1860): CodeIgniter\Database\BaseConnection->query('SELECT `id_mach...', Array, false)
#2 C:\laragon\www\GO-MEKANIK-API\system\Model.php(462): CodeIgniter\Database\BaseBuilder->get()
#3 C:\laragon\www\GO-MEKANIK-API\app\Models\ViewMachinesBreakdownModel.php(36): CodeIgniter\Model->findAll()
#4 C:\laragon\www\GO-MEKANIK-API\app\Controllers\API\MachineBreakdown.php(20): App\Models\ViewMachinesBreakdownModel->getMachinesBreakdown('Waiting...')
#5 C:\laragon\www\GO-MEKANIK-API\system\CodeIgniter.php(918): App\Controllers\API\MachineBreakdown->index()
#6 C:\laragon\www\GO-MEKANIK-API\system\CodeIgniter.php(404): CodeIgniter\CodeIgniter->runController(Object(App\Controllers\API\MachineBreakdown))
#7 C:\laragon\www\GO-MEKANIK-API\system\CodeIgniter.php(312): CodeIgniter\CodeIgniter->handleRequest(NULL, Object(Config\Cache), false)
#8 C:\laragon\www\GO-MEKANIK-API\public\index.php(45): CodeIgniter\CodeIgniter->run()
#9 {main}
CRITICAL - 2021-03-29 22:39:11 --> Unable to connect to the database.
#0 C:\laragon\www\GO-MEKANIK-API\system\Database\BaseConnection.php(646): CodeIgniter\Database\BaseConnection->initialize()
#1 C:\laragon\www\GO-MEKANIK-API\system\Database\BaseBuilder.php(1860): CodeIgniter\Database\BaseConnection->query('SELECT `id_mach...', Array, false)
#2 C:\laragon\www\GO-MEKANIK-API\system\Model.php(462): CodeIgniter\Database\BaseBuilder->get()
#3 C:\laragon\www\GO-MEKANIK-API\app\Models\ViewMachinesBreakdownModel.php(36): CodeIgniter\Model->findAll()
#4 C:\laragon\www\GO-MEKANIK-API\app\Controllers\API\MachineBreakdown.php(20): App\Models\ViewMachinesBreakdownModel->getMachinesBreakdown('Waiting...')
#5 C:\laragon\www\GO-MEKANIK-API\system\CodeIgniter.php(918): App\Controllers\API\MachineBreakdown->index()
#6 C:\laragon\www\GO-MEKANIK-API\system\CodeIgniter.php(404): CodeIgniter\CodeIgniter->runController(Object(App\Controllers\API\MachineBreakdown))
#7 C:\laragon\www\GO-MEKANIK-API\system\CodeIgniter.php(312): CodeIgniter\CodeIgniter->handleRequest(NULL, Object(Config\Cache), false)
#8 C:\laragon\www\GO-MEKANIK-API\public\index.php(45): CodeIgniter\CodeIgniter->run()
#9 {main}
CRITICAL - 2021-03-29 22:39:15 --> Unable to connect to the database.
#0 C:\laragon\www\GO-MEKANIK-API\system\Database\BaseConnection.php(646): CodeIgniter\Database\BaseConnection->initialize()
#1 C:\laragon\www\GO-MEKANIK-API\system\Database\BaseBuilder.php(1860): CodeIgniter\Database\BaseConnection->query('SELECT `id_mach...', Array, false)
#2 C:\laragon\www\GO-MEKANIK-API\system\Model.php(462): CodeIgniter\Database\BaseBuilder->get()
#3 C:\laragon\www\GO-MEKANIK-API\app\Models\ViewMachinesBreakdownModel.php(36): CodeIgniter\Model->findAll()
#4 C:\laragon\www\GO-MEKANIK-API\app\Controllers\API\MachineBreakdown.php(20): App\Models\ViewMachinesBreakdownModel->getMachinesBreakdown('Waiting...')
#5 C:\laragon\www\GO-MEKANIK-API\system\CodeIgniter.php(918): App\Controllers\API\MachineBreakdown->index()
#6 C:\laragon\www\GO-MEKANIK-API\system\CodeIgniter.php(404): CodeIgniter\CodeIgniter->runController(Object(App\Controllers\API\MachineBreakdown))
#7 C:\laragon\www\GO-MEKANIK-API\system\CodeIgniter.php(312): CodeIgniter\CodeIgniter->handleRequest(NULL, Object(Config\Cache), false)
#8 C:\laragon\www\GO-MEKANIK-API\public\index.php(45): CodeIgniter\CodeIgniter->run()
#9 {main}
CRITICAL - 2021-03-29 22:39:47 --> Unable to connect to the database.
#0 C:\laragon\www\GO-MEKANIK-API\system\Database\BaseConnection.php(646): CodeIgniter\Database\BaseConnection->initialize()
#1 C:\laragon\www\GO-MEKANIK-API\system\Database\BaseBuilder.php(1860): CodeIgniter\Database\BaseConnection->query('SELECT *\nFROM `...', Array, false)
#2 C:\laragon\www\GO-MEKANIK-API\system\Model.php(506): CodeIgniter\Database\BaseBuilder->get()
#3 C:\laragon\www\GO-MEKANIK-API\app\Models\SpvModel.php(14): CodeIgniter\Model->first()
#4 C:\laragon\www\GO-MEKANIK-API\app\Controllers\API\Spv.php(18): App\Models\SpvModel->getByNIK('03140110')
#5 C:\laragon\www\GO-MEKANIK-API\system\CodeIgniter.php(918): App\Controllers\API\Spv->getByNIK()
#6 C:\laragon\www\GO-MEKANIK-API\system\CodeIgniter.php(404): CodeIgniter\CodeIgniter->runController(Object(App\Controllers\API\Spv))
#7 C:\laragon\www\GO-MEKANIK-API\system\CodeIgniter.php(312): CodeIgniter\CodeIgniter->handleRequest(NULL, Object(Config\Cache), false)
#8 C:\laragon\www\GO-MEKANIK-API\public\index.php(45): CodeIgniter\CodeIgniter->run()
#9 {main}
CRITICAL - 2021-03-29 22:39:49 --> Unable to connect to the database.
#0 C:\laragon\www\GO-MEKANIK-API\system\Database\BaseConnection.php(646): CodeIgniter\Database\BaseConnection->initialize()
#1 C:\laragon\www\GO-MEKANIK-API\system\Database\BaseBuilder.php(1860): CodeIgniter\Database\BaseConnection->query('SELECT *\nFROM `...', Array, false)
#2 C:\laragon\www\GO-MEKANIK-API\system\Model.php(506): CodeIgniter\Database\BaseBuilder->get()
#3 C:\laragon\www\GO-MEKANIK-API\app\Models\SpvModel.php(14): CodeIgniter\Model->first()
#4 C:\laragon\www\GO-MEKANIK-API\app\Controllers\API\Spv.php(18): App\Models\SpvModel->getByNIK('03140110')
#5 C:\laragon\www\GO-MEKANIK-API\system\CodeIgniter.php(918): App\Controllers\API\Spv->getByNIK()
#6 C:\laragon\www\GO-MEKANIK-API\system\CodeIgniter.php(404): CodeIgniter\CodeIgniter->runController(Object(App\Controllers\API\Spv))
#7 C:\laragon\www\GO-MEKANIK-API\system\CodeIgniter.php(312): CodeIgniter\CodeIgniter->handleRequest(NULL, Object(Config\Cache), false)
#8 C:\laragon\www\GO-MEKANIK-API\public\index.php(45): CodeIgniter\CodeIgniter->run()
#9 {main}
CRITICAL - 2021-03-29 22:39:50 --> Unable to connect to the database.
#0 C:\laragon\www\GO-MEKANIK-API\system\Database\BaseConnection.php(646): CodeIgniter\Database\BaseConnection->initialize()
#1 C:\laragon\www\GO-MEKANIK-API\system\Database\BaseBuilder.php(1860): CodeIgniter\Database\BaseConnection->query('SELECT *\nFROM `...', Array, false)
#2 C:\laragon\www\GO-MEKANIK-API\system\Model.php(506): CodeIgniter\Database\BaseBuilder->get()
#3 C:\laragon\www\GO-MEKANIK-API\app\Models\SpvModel.php(14): CodeIgniter\Model->first()
#4 C:\laragon\www\GO-MEKANIK-API\app\Controllers\API\Spv.php(18): App\Models\SpvModel->getByNIK('03140110')
#5 C:\laragon\www\GO-MEKANIK-API\system\CodeIgniter.php(918): App\Controllers\API\Spv->getByNIK()
#6 C:\laragon\www\GO-MEKANIK-API\system\CodeIgniter.php(404): CodeIgniter\CodeIgniter->runController(Object(App\Controllers\API\Spv))
#7 C:\laragon\www\GO-MEKANIK-API\system\CodeIgniter.php(312): CodeIgniter\CodeIgniter->handleRequest(NULL, Object(Config\Cache), false)
#8 C:\laragon\www\GO-MEKANIK-API\public\index.php(45): CodeIgniter\CodeIgniter->run()
#9 {main}
CRITICAL - 2021-03-29 22:40:12 --> Unable to connect to the database.
#0 C:\laragon\www\GO-MEKANIK-API\system\Database\BaseConnection.php(646): CodeIgniter\Database\BaseConnection->initialize()
#1 C:\laragon\www\GO-MEKANIK-API\system\Database\BaseBuilder.php(1860): CodeIgniter\Database\BaseConnection->query('SELECT `id_mach...', Array, false)
#2 C:\laragon\www\GO-MEKANIK-API\system\Model.php(462): CodeIgniter\Database\BaseBuilder->get()
#3 C:\laragon\www\GO-MEKANIK-API\app\Models\ViewMachinesBreakdownModel.php(36): CodeIgniter\Model->findAll()
#4 C:\laragon\www\GO-MEKANIK-API\app\Controllers\API\MachineBreakdown.php(20): App\Models\ViewMachinesBreakdownModel->getMachinesBreakdown('Waiting...')
#5 C:\laragon\www\GO-MEKANIK-API\system\CodeIgniter.php(918): App\Controllers\API\MachineBreakdown->index()
#6 C:\laragon\www\GO-MEKANIK-API\system\CodeIgniter.php(404): CodeIgniter\CodeIgniter->runController(Object(App\Controllers\API\MachineBreakdown))
#7 C:\laragon\www\GO-MEKANIK-API\system\CodeIgniter.php(312): CodeIgniter\CodeIgniter->handleRequest(NULL, Object(Config\Cache), false)
#8 C:\laragon\www\GO-MEKANIK-API\public\index.php(45): CodeIgniter\CodeIgniter->run()
#9 {main}
CRITICAL - 2021-03-29 22:40:15 --> Unable to connect to the database.
#0 C:\laragon\www\GO-MEKANIK-API\system\Database\BaseConnection.php(646): CodeIgniter\Database\BaseConnection->initialize()
#1 C:\laragon\www\GO-MEKANIK-API\system\Database\BaseBuilder.php(1860): CodeIgniter\Database\BaseConnection->query('SELECT `id_mach...', Array, false)
#2 C:\laragon\www\GO-MEKANIK-API\system\Model.php(462): CodeIgniter\Database\BaseBuilder->get()
#3 C:\laragon\www\GO-MEKANIK-API\app\Models\ViewMachinesBreakdownModel.php(36): CodeIgniter\Model->findAll()
#4 C:\laragon\www\GO-MEKANIK-API\app\Controllers\API\MachineBreakdown.php(20): App\Models\ViewMachinesBreakdownModel->getMachinesBreakdown('Waiting...')
#5 C:\laragon\www\GO-MEKANIK-API\system\CodeIgniter.php(918): App\Controllers\API\MachineBreakdown->index()
#6 C:\laragon\www\GO-MEKANIK-API\system\CodeIgniter.php(404): CodeIgniter\CodeIgniter->runController(Object(App\Controllers\API\MachineBreakdown))
#7 C:\laragon\www\GO-MEKANIK-API\system\CodeIgniter.php(312): CodeIgniter\CodeIgniter->handleRequest(NULL, Object(Config\Cache), false)
#8 C:\laragon\www\GO-MEKANIK-API\public\index.php(45): CodeIgniter\CodeIgniter->run()
#9 {main}
CRITICAL - 2021-03-29 22:40:16 --> Unable to connect to the database.
#0 C:\laragon\www\GO-MEKANIK-API\system\Database\BaseConnection.php(646): CodeIgniter\Database\BaseConnection->initialize()
#1 C:\laragon\www\GO-MEKANIK-API\system\Database\BaseBuilder.php(1860): CodeIgniter\Database\BaseConnection->query('SELECT `id_mach...', Array, false)
#2 C:\laragon\www\GO-MEKANIK-API\system\Model.php(462): CodeIgniter\Database\BaseBuilder->get()
#3 C:\laragon\www\GO-MEKANIK-API\app\Models\ViewMachinesBreakdownModel.php(36): CodeIgniter\Model->findAll()
#4 C:\laragon\www\GO-MEKANIK-API\app\Controllers\API\MachineBreakdown.php(20): App\Models\ViewMachinesBreakdownModel->getMachinesBreakdown('Waiting...')
#5 C:\laragon\www\GO-MEKANIK-API\system\CodeIgniter.php(918): App\Controllers\API\MachineBreakdown->index()
#6 C:\laragon\www\GO-MEKANIK-API\system\CodeIgniter.php(404): CodeIgniter\CodeIgniter->runController(Object(App\Controllers\API\MachineBreakdown))
#7 C:\laragon\www\GO-MEKANIK-API\system\CodeIgniter.php(312): CodeIgniter\CodeIgniter->handleRequest(NULL, Object(Config\Cache), false)
#8 C:\laragon\www\GO-MEKANIK-API\public\index.php(45): CodeIgniter\CodeIgniter->run()
#9 {main}
CRITICAL - 2021-03-29 22:40:17 --> Unable to connect to the database.
#0 C:\laragon\www\GO-MEKANIK-API\system\Database\BaseConnection.php(646): CodeIgniter\Database\BaseConnection->initialize()
#1 C:\laragon\www\GO-MEKANIK-API\system\Database\BaseBuilder.php(1860): CodeIgniter\Database\BaseConnection->query('SELECT *\nFROM `...', Array, false)
#2 C:\laragon\www\GO-MEKANIK-API\system\Model.php(506): CodeIgniter\Database\BaseBuilder->get()
#3 C:\laragon\www\GO-MEKANIK-API\app\Models\SpvModel.php(14): CodeIgniter\Model->first()
#4 C:\laragon\www\GO-MEKANIK-API\app\Controllers\API\Spv.php(18): App\Models\SpvModel->getByNIK('03140110')
#5 C:\laragon\www\GO-MEKANIK-API\system\CodeIgniter.php(918): App\Controllers\API\Spv->getByNIK()
#6 C:\laragon\www\GO-MEKANIK-API\system\CodeIgniter.php(404): CodeIgniter\CodeIgniter->runController(Object(App\Controllers\API\Spv))
#7 C:\laragon\www\GO-MEKANIK-API\system\CodeIgniter.php(312): CodeIgniter\CodeIgniter->handleRequest(NULL, Object(Config\Cache), false)
#8 C:\laragon\www\GO-MEKANIK-API\public\index.php(45): CodeIgniter\CodeIgniter->run()
#9 {main}
CRITICAL - 2021-03-29 22:40:18 --> Unable to connect to the database.
#0 C:\laragon\www\GO-MEKANIK-API\system\Database\BaseConnection.php(646): CodeIgniter\Database\BaseConnection->initialize()
#1 C:\laragon\www\GO-MEKANIK-API\system\Database\BaseBuilder.php(1860): CodeIgniter\Database\BaseConnection->query('SELECT *\nFROM `...', Array, false)
#2 C:\laragon\www\GO-MEKANIK-API\system\Model.php(506): CodeIgniter\Database\BaseBuilder->get()
#3 C:\laragon\www\GO-MEKANIK-API\app\Models\SpvModel.php(14): CodeIgniter\Model->first()
#4 C:\laragon\www\GO-MEKANIK-API\app\Controllers\API\Spv.php(18): App\Models\SpvModel->getByNIK('03140110')
#5 C:\laragon\www\GO-MEKANIK-API\system\CodeIgniter.php(918): App\Controllers\API\Spv->getByNIK()
#6 C:\laragon\www\GO-MEKANIK-API\system\CodeIgniter.php(404): CodeIgniter\CodeIgniter->runController(Object(App\Controllers\API\Spv))
#7 C:\laragon\www\GO-MEKANIK-API\system\CodeIgniter.php(312): CodeIgniter\CodeIgniter->handleRequest(NULL, Object(Config\Cache), false)
#8 C:\laragon\www\GO-MEKANIK-API\public\index.php(45): CodeIgniter\CodeIgniter->run()
#9 {main}
CRITICAL - 2021-03-29 22:40:19 --> Unable to connect to the database.
#0 C:\laragon\www\GO-MEKANIK-API\system\Database\BaseConnection.php(646): CodeIgniter\Database\BaseConnection->initialize()
#1 C:\laragon\www\GO-MEKANIK-API\system\Database\BaseBuilder.php(1860): CodeIgniter\Database\BaseConnection->query('SELECT *\nFROM `...', Array, false)
#2 C:\laragon\www\GO-MEKANIK-API\system\Model.php(506): CodeIgniter\Database\BaseBuilder->get()
#3 C:\laragon\www\GO-MEKANIK-API\app\Models\SpvModel.php(14): CodeIgniter\Model->first()
#4 C:\laragon\www\GO-MEKANIK-API\app\Controllers\API\Spv.php(18): App\Models\SpvModel->getByNIK('03140110')
#5 C:\laragon\www\GO-MEKANIK-API\system\CodeIgniter.php(918): App\Controllers\API\Spv->getByNIK()
#6 C:\laragon\www\GO-MEKANIK-API\system\CodeIgniter.php(404): CodeIgniter\CodeIgniter->runController(Object(App\Controllers\API\Spv))
#7 C:\laragon\www\GO-MEKANIK-API\system\CodeIgniter.php(312): CodeIgniter\CodeIgniter->handleRequest(NULL, Object(Config\Cache), false)
#8 C:\laragon\www\GO-MEKANIK-API\public\index.php(45): CodeIgniter\CodeIgniter->run()
#9 {main}
CRITICAL - 2021-03-29 22:40:19 --> Unable to connect to the database.
#0 C:\laragon\www\GO-MEKANIK-API\system\Database\BaseConnection.php(646): CodeIgniter\Database\BaseConnection->initialize()
#1 C:\laragon\www\GO-MEKANIK-API\system\Database\BaseBuilder.php(1860): CodeIgniter\Database\BaseConnection->query('SELECT *\nFROM `...', Array, false)
#2 C:\laragon\www\GO-MEKANIK-API\system\Model.php(506): CodeIgniter\Database\BaseBuilder->get()
#3 C:\laragon\www\GO-MEKANIK-API\app\Models\SpvModel.php(14): CodeIgniter\Model->first()
#4 C:\laragon\www\GO-MEKANIK-API\app\Controllers\API\Spv.php(18): App\Models\SpvModel->getByNIK('03140110')
#5 C:\laragon\www\GO-MEKANIK-API\system\CodeIgniter.php(918): App\Controllers\API\Spv->getByNIK()
#6 C:\laragon\www\GO-MEKANIK-API\system\CodeIgniter.php(404): CodeIgniter\CodeIgniter->runController(Object(App\Controllers\API\Spv))
#7 C:\laragon\www\GO-MEKANIK-API\system\CodeIgniter.php(312): CodeIgniter\CodeIgniter->handleRequest(NULL, Object(Config\Cache), false)
#8 C:\laragon\www\GO-MEKANIK-API\public\index.php(45): CodeIgniter\CodeIgniter->run()
#9 {main}
CRITICAL - 2021-03-29 22:40:19 --> Unable to connect to the database.
#0 C:\laragon\www\GO-MEKANIK-API\system\Database\BaseConnection.php(646): CodeIgniter\Database\BaseConnection->initialize()
#1 C:\laragon\www\GO-MEKANIK-API\system\Database\BaseBuilder.php(1860): CodeIgniter\Database\BaseConnection->query('SELECT *\nFROM `...', Array, false)
#2 C:\laragon\www\GO-MEKANIK-API\system\Model.php(506): CodeIgniter\Database\BaseBuilder->get()
#3 C:\laragon\www\GO-MEKANIK-API\app\Models\SpvModel.php(14): CodeIgniter\Model->first()
#4 C:\laragon\www\GO-MEKANIK-API\app\Controllers\API\Spv.php(18): App\Models\SpvModel->getByNIK('03140110')
#5 C:\laragon\www\GO-MEKANIK-API\system\CodeIgniter.php(918): App\Controllers\API\Spv->getByNIK()
#6 C:\laragon\www\GO-MEKANIK-API\system\CodeIgniter.php(404): CodeIgniter\CodeIgniter->runController(Object(App\Controllers\API\Spv))
#7 C:\laragon\www\GO-MEKANIK-API\system\CodeIgniter.php(312): CodeIgniter\CodeIgniter->handleRequest(NULL, Object(Config\Cache), false)
#8 C:\laragon\www\GO-MEKANIK-API\public\index.php(45): CodeIgniter\CodeIgniter->run()
#9 {main}
CRITICAL - 2021-03-29 22:40:29 --> Unable to connect to the database.
#0 C:\laragon\www\GO-MEKANIK-API\system\Database\BaseConnection.php(646): CodeIgniter\Database\BaseConnection->initialize()
#1 C:\laragon\www\GO-MEKANIK-API\system\Database\BaseBuilder.php(1860): CodeIgniter\Database\BaseConnection->query('SELECT `id_mach...', Array, false)
#2 C:\laragon\www\GO-MEKANIK-API\system\Model.php(462): CodeIgniter\Database\BaseBuilder->get()
#3 C:\laragon\www\GO-MEKANIK-API\app\Models\ViewMachinesBreakdownModel.php(36): CodeIgniter\Model->findAll()
#4 C:\laragon\www\GO-MEKANIK-API\app\Controllers\API\MachineBreakdown.php(20): App\Models\ViewMachinesBreakdownModel->getMachinesBreakdown('Waiting...')
#5 C:\laragon\www\GO-MEKANIK-API\system\CodeIgniter.php(918): App\Controllers\API\MachineBreakdown->index()
#6 C:\laragon\www\GO-MEKANIK-API\system\CodeIgniter.php(404): CodeIgniter\CodeIgniter->runController(Object(App\Controllers\API\MachineBreakdown))
#7 C:\laragon\www\GO-MEKANIK-API\system\CodeIgniter.php(312): CodeIgniter\CodeIgniter->handleRequest(NULL, Object(Config\Cache), false)
#8 C:\laragon\www\GO-MEKANIK-API\public\index.php(45): CodeIgniter\CodeIgniter->run()
#9 {main}
CRITICAL - 2021-03-29 22:40:36 --> Unable to connect to the database.
#0 C:\laragon\www\GO-MEKANIK-API\system\Database\BaseConnection.php(646): CodeIgniter\Database\BaseConnection->initialize()
#1 C:\laragon\www\GO-MEKANIK-API\system\Database\BaseBuilder.php(1860): CodeIgniter\Database\BaseConnection->query('SELECT `id_mach...', Array, false)
#2 C:\laragon\www\GO-MEKANIK-API\system\Model.php(462): CodeIgniter\Database\BaseBuilder->get()
#3 C:\laragon\www\GO-MEKANIK-API\app\Models\ViewMachinesBreakdownModel.php(36): CodeIgniter\Model->findAll()
#4 C:\laragon\www\GO-MEKANIK-API\app\Controllers\API\MachineBreakdown.php(20): App\Models\ViewMachinesBreakdownModel->getMachinesBreakdown('Waiting...')
#5 C:\laragon\www\GO-MEKANIK-API\system\CodeIgniter.php(918): App\Controllers\API\MachineBreakdown->index()
#6 C:\laragon\www\GO-MEKANIK-API\system\CodeIgniter.php(404): CodeIgniter\CodeIgniter->runController(Object(App\Controllers\API\MachineBreakdown))
#7 C:\laragon\www\GO-MEKANIK-API\system\CodeIgniter.php(312): CodeIgniter\CodeIgniter->handleRequest(NULL, Object(Config\Cache), false)
#8 C:\laragon\www\GO-MEKANIK-API\public\index.php(45): CodeIgniter\CodeIgniter->run()
#9 {main}
