CRITICAL - 2020-11-24 04:40:50 --> You must set the database table to be used with your query.
#0 D:\data yudhi MIS\projects\GO-MEKANIK-API\system\Model.php(1237): CodeIgniter\Database\BaseConnection->table(NULL)
#1 D:\data yudhi MIS\projects\GO-MEKANIK-API\system\Model.php(1816): CodeIgniter\Model->builder()
#2 D:\data yudhi MIS\projects\GO-MEKANIK-API\app\Models\MachineBreakdownModel.php(12): CodeIgniter\Model->__call('where', Array)
#3 D:\data yudhi MIS\projects\GO-MEKANIK-API\app\Controllers\API\MachineBreakdown.php(17): App\Models\MachineBreakdownModel->getMachineBreakdown('"all"')
#4 D:\data yudhi MIS\projects\GO-MEKANIK-API\system\CodeIgniter.php(918): App\Controllers\API\MachineBreakdown->index()
#5 D:\data yudhi MIS\projects\GO-MEKANIK-API\system\CodeIgniter.php(404): CodeIgniter\CodeIgniter->runController(Object(App\Controllers\API\MachineBreakdown))
#6 D:\data yudhi MIS\projects\GO-MEKANIK-API\system\CodeIgniter.php(312): CodeIgniter\CodeIgniter->handleRequest(NULL, Object(Config\Cache), false)
#7 D:\data yudhi MIS\projects\GO-MEKANIK-API\public\index.php(45): CodeIgniter\CodeIgniter->run()
#8 {main}
CRITICAL - 2020-11-24 04:41:19 --> You must set the database table to be used with your query.
#0 D:\data yudhi MIS\projects\GO-MEKANIK-API\system\Model.php(1237): CodeIgniter\Database\BaseConnection->table(NULL)
#1 D:\data yudhi MIS\projects\GO-MEKANIK-API\system\Model.php(454): CodeIgniter\Model->builder()
#2 D:\data yudhi MIS\projects\GO-MEKANIK-API\app\Models\MachineBreakdownModel.php(10): CodeIgniter\Model->findAll()
#3 D:\data yudhi MIS\projects\GO-MEKANIK-API\app\Controllers\API\MachineBreakdown.php(17): App\Models\MachineBreakdownModel->getMachineBreakdown('all')
#4 D:\data yudhi MIS\projects\GO-MEKANIK-API\system\CodeIgniter.php(918): App\Controllers\API\MachineBreakdown->index()
#5 D:\data yudhi MIS\projects\GO-MEKANIK-API\system\CodeIgniter.php(404): CodeIgniter\CodeIgniter->runController(Object(App\Controllers\API\MachineBreakdown))
#6 D:\data yudhi MIS\projects\GO-MEKANIK-API\system\CodeIgniter.php(312): CodeIgniter\CodeIgniter->handleRequest(NULL, Object(Config\Cache), false)
#7 D:\data yudhi MIS\projects\GO-MEKANIK-API\public\index.php(45): CodeIgniter\CodeIgniter->run()
#8 {main}
CRITICAL - 2020-11-24 04:43:45 --> You must set the database table to be used with your query.
#0 D:\data yudhi MIS\projects\GO-MEKANIK-API\system\Model.php(1237): CodeIgniter\Database\BaseConnection->table(NULL)
#1 D:\data yudhi MIS\projects\GO-MEKANIK-API\system\Model.php(1816): CodeIgniter\Model->builder()
#2 D:\data yudhi MIS\projects\GO-MEKANIK-API\app\Models\MachineBreakdownModel.php(13): CodeIgniter\Model->__call('where', Array)
#3 D:\data yudhi MIS\projects\GO-MEKANIK-API\app\Controllers\API\MachineBreakdown.php(17): App\Models\MachineBreakdownModel->getMachineBreakdown('"all"')
#4 D:\data yudhi MIS\projects\GO-MEKANIK-API\system\CodeIgniter.php(918): App\Controllers\API\MachineBreakdown->index()
#5 D:\data yudhi MIS\projects\GO-MEKANIK-API\system\CodeIgniter.php(404): CodeIgniter\CodeIgniter->runController(Object(App\Controllers\API\MachineBreakdown))
#6 D:\data yudhi MIS\projects\GO-MEKANIK-API\system\CodeIgniter.php(312): CodeIgniter\CodeIgniter->handleRequest(NULL, Object(Config\Cache), false)
#7 D:\data yudhi MIS\projects\GO-MEKANIK-API\public\index.php(45): CodeIgniter\CodeIgniter->run()
#8 {main}
CRITICAL - 2020-11-24 04:43:46 --> You must set the database table to be used with your query.
#0 D:\data yudhi MIS\projects\GO-MEKANIK-API\system\Model.php(1237): CodeIgniter\Database\BaseConnection->table(NULL)
#1 D:\data yudhi MIS\projects\GO-MEKANIK-API\system\Model.php(1816): CodeIgniter\Model->builder()
#2 D:\data yudhi MIS\projects\GO-MEKANIK-API\app\Models\MachineBreakdownModel.php(13): CodeIgniter\Model->__call('where', Array)
#3 D:\data yudhi MIS\projects\GO-MEKANIK-API\app\Controllers\API\MachineBreakdown.php(17): App\Models\MachineBreakdownModel->getMachineBreakdown('"all"')
#4 D:\data yudhi MIS\projects\GO-MEKANIK-API\system\CodeIgniter.php(918): App\Controllers\API\MachineBreakdown->index()
#5 D:\data yudhi MIS\projects\GO-MEKANIK-API\system\CodeIgniter.php(404): CodeIgniter\CodeIgniter->runController(Object(App\Controllers\API\MachineBreakdown))
#6 D:\data yudhi MIS\projects\GO-MEKANIK-API\system\CodeIgniter.php(312): CodeIgniter\CodeIgniter->handleRequest(NULL, Object(Config\Cache), false)
#7 D:\data yudhi MIS\projects\GO-MEKANIK-API\public\index.php(45): CodeIgniter\CodeIgniter->run()
#8 {main}
CRITICAL - 2020-11-24 04:43:47 --> You must set the database table to be used with your query.
#0 D:\data yudhi MIS\projects\GO-MEKANIK-API\system\Model.php(1237): CodeIgniter\Database\BaseConnection->table(NULL)
#1 D:\data yudhi MIS\projects\GO-MEKANIK-API\system\Model.php(1816): CodeIgniter\Model->builder()
#2 D:\data yudhi MIS\projects\GO-MEKANIK-API\app\Models\MachineBreakdownModel.php(13): CodeIgniter\Model->__call('where', Array)
#3 D:\data yudhi MIS\projects\GO-MEKANIK-API\app\Controllers\API\MachineBreakdown.php(17): App\Models\MachineBreakdownModel->getMachineBreakdown('"all"')
#4 D:\data yudhi MIS\projects\GO-MEKANIK-API\system\CodeIgniter.php(918): App\Controllers\API\MachineBreakdown->index()
#5 D:\data yudhi MIS\projects\GO-MEKANIK-API\system\CodeIgniter.php(404): CodeIgniter\CodeIgniter->runController(Object(App\Controllers\API\MachineBreakdown))
#6 D:\data yudhi MIS\projects\GO-MEKANIK-API\system\CodeIgniter.php(312): CodeIgniter\CodeIgniter->handleRequest(NULL, Object(Config\Cache), false)
#7 D:\data yudhi MIS\projects\GO-MEKANIK-API\public\index.php(45): CodeIgniter\CodeIgniter->run()
#8 {main}
CRITICAL - 2020-11-24 04:43:48 --> You must set the database table to be used with your query.
#0 D:\data yudhi MIS\projects\GO-MEKANIK-API\system\Model.php(1237): CodeIgniter\Database\BaseConnection->table(NULL)
#1 D:\data yudhi MIS\projects\GO-MEKANIK-API\system\Model.php(1816): CodeIgniter\Model->builder()
#2 D:\data yudhi MIS\projects\GO-MEKANIK-API\app\Models\MachineBreakdownModel.php(13): CodeIgniter\Model->__call('where', Array)
#3 D:\data yudhi MIS\projects\GO-MEKANIK-API\app\Controllers\API\MachineBreakdown.php(17): App\Models\MachineBreakdownModel->getMachineBreakdown('"all"')
#4 D:\data yudhi MIS\projects\GO-MEKANIK-API\system\CodeIgniter.php(918): App\Controllers\API\MachineBreakdown->index()
#5 D:\data yudhi MIS\projects\GO-MEKANIK-API\system\CodeIgniter.php(404): CodeIgniter\CodeIgniter->runController(Object(App\Controllers\API\MachineBreakdown))
#6 D:\data yudhi MIS\projects\GO-MEKANIK-API\system\CodeIgniter.php(312): CodeIgniter\CodeIgniter->handleRequest(NULL, Object(Config\Cache), false)
#7 D:\data yudhi MIS\projects\GO-MEKANIK-API\public\index.php(45): CodeIgniter\CodeIgniter->run()
#8 {main}
CRITICAL - 2020-11-24 04:43:48 --> You must set the database table to be used with your query.
#0 D:\data yudhi MIS\projects\GO-MEKANIK-API\system\Model.php(1237): CodeIgniter\Database\BaseConnection->table(NULL)
#1 D:\data yudhi MIS\projects\GO-MEKANIK-API\system\Model.php(1816): CodeIgniter\Model->builder()
#2 D:\data yudhi MIS\projects\GO-MEKANIK-API\app\Models\MachineBreakdownModel.php(13): CodeIgniter\Model->__call('where', Array)
#3 D:\data yudhi MIS\projects\GO-MEKANIK-API\app\Controllers\API\MachineBreakdown.php(17): App\Models\MachineBreakdownModel->getMachineBreakdown('"all"')
#4 D:\data yudhi MIS\projects\GO-MEKANIK-API\system\CodeIgniter.php(918): App\Controllers\API\MachineBreakdown->index()
#5 D:\data yudhi MIS\projects\GO-MEKANIK-API\system\CodeIgniter.php(404): CodeIgniter\CodeIgniter->runController(Object(App\Controllers\API\MachineBreakdown))
#6 D:\data yudhi MIS\projects\GO-MEKANIK-API\system\CodeIgniter.php(312): CodeIgniter\CodeIgniter->handleRequest(NULL, Object(Config\Cache), false)
#7 D:\data yudhi MIS\projects\GO-MEKANIK-API\public\index.php(45): CodeIgniter\CodeIgniter->run()
#8 {main}
CRITICAL - 2020-11-24 04:43:48 --> You must set the database table to be used with your query.
#0 D:\data yudhi MIS\projects\GO-MEKANIK-API\system\Model.php(1237): CodeIgniter\Database\BaseConnection->table(NULL)
#1 D:\data yudhi MIS\projects\GO-MEKANIK-API\system\Model.php(1816): CodeIgniter\Model->builder()
#2 D:\data yudhi MIS\projects\GO-MEKANIK-API\app\Models\MachineBreakdownModel.php(13): CodeIgniter\Model->__call('where', Array)
#3 D:\data yudhi MIS\projects\GO-MEKANIK-API\app\Controllers\API\MachineBreakdown.php(17): App\Models\MachineBreakdownModel->getMachineBreakdown('"all"')
#4 D:\data yudhi MIS\projects\GO-MEKANIK-API\system\CodeIgniter.php(918): App\Controllers\API\MachineBreakdown->index()
#5 D:\data yudhi MIS\projects\GO-MEKANIK-API\system\CodeIgniter.php(404): CodeIgniter\CodeIgniter->runController(Object(App\Controllers\API\MachineBreakdown))
#6 D:\data yudhi MIS\projects\GO-MEKANIK-API\system\CodeIgniter.php(312): CodeIgniter\CodeIgniter->handleRequest(NULL, Object(Config\Cache), false)
#7 D:\data yudhi MIS\projects\GO-MEKANIK-API\public\index.php(45): CodeIgniter\CodeIgniter->run()
#8 {main}
CRITICAL - 2020-11-24 04:43:48 --> You must set the database table to be used with your query.
#0 D:\data yudhi MIS\projects\GO-MEKANIK-API\system\Model.php(1237): CodeIgniter\Database\BaseConnection->table(NULL)
#1 D:\data yudhi MIS\projects\GO-MEKANIK-API\system\Model.php(1816): CodeIgniter\Model->builder()
#2 D:\data yudhi MIS\projects\GO-MEKANIK-API\app\Models\MachineBreakdownModel.php(13): CodeIgniter\Model->__call('where', Array)
#3 D:\data yudhi MIS\projects\GO-MEKANIK-API\app\Controllers\API\MachineBreakdown.php(17): App\Models\MachineBreakdownModel->getMachineBreakdown('"all"')
#4 D:\data yudhi MIS\projects\GO-MEKANIK-API\system\CodeIgniter.php(918): App\Controllers\API\MachineBreakdown->index()
#5 D:\data yudhi MIS\projects\GO-MEKANIK-API\system\CodeIgniter.php(404): CodeIgniter\CodeIgniter->runController(Object(App\Controllers\API\MachineBreakdown))
#6 D:\data yudhi MIS\projects\GO-MEKANIK-API\system\CodeIgniter.php(312): CodeIgniter\CodeIgniter->handleRequest(NULL, Object(Config\Cache), false)
#7 D:\data yudhi MIS\projects\GO-MEKANIK-API\public\index.php(45): CodeIgniter\CodeIgniter->run()
#8 {main}
CRITICAL - 2020-11-24 04:43:48 --> You must set the database table to be used with your query.
#0 D:\data yudhi MIS\projects\GO-MEKANIK-API\system\Model.php(1237): CodeIgniter\Database\BaseConnection->table(NULL)
#1 D:\data yudhi MIS\projects\GO-MEKANIK-API\system\Model.php(1816): CodeIgniter\Model->builder()
#2 D:\data yudhi MIS\projects\GO-MEKANIK-API\app\Models\MachineBreakdownModel.php(13): CodeIgniter\Model->__call('where', Array)
#3 D:\data yudhi MIS\projects\GO-MEKANIK-API\app\Controllers\API\MachineBreakdown.php(17): App\Models\MachineBreakdownModel->getMachineBreakdown('"all"')
#4 D:\data yudhi MIS\projects\GO-MEKANIK-API\system\CodeIgniter.php(918): App\Controllers\API\MachineBreakdown->index()
#5 D:\data yudhi MIS\projects\GO-MEKANIK-API\system\CodeIgniter.php(404): CodeIgniter\CodeIgniter->runController(Object(App\Controllers\API\MachineBreakdown))
#6 D:\data yudhi MIS\projects\GO-MEKANIK-API\system\CodeIgniter.php(312): CodeIgniter\CodeIgniter->handleRequest(NULL, Object(Config\Cache), false)
#7 D:\data yudhi MIS\projects\GO-MEKANIK-API\public\index.php(45): CodeIgniter\CodeIgniter->run()
#8 {main}
CRITICAL - 2020-11-24 04:43:49 --> You must set the database table to be used with your query.
#0 D:\data yudhi MIS\projects\GO-MEKANIK-API\system\Model.php(1237): CodeIgniter\Database\BaseConnection->table(NULL)
#1 D:\data yudhi MIS\projects\GO-MEKANIK-API\system\Model.php(1816): CodeIgniter\Model->builder()
#2 D:\data yudhi MIS\projects\GO-MEKANIK-API\app\Models\MachineBreakdownModel.php(13): CodeIgniter\Model->__call('where', Array)
#3 D:\data yudhi MIS\projects\GO-MEKANIK-API\app\Controllers\API\MachineBreakdown.php(17): App\Models\MachineBreakdownModel->getMachineBreakdown('"all"')
#4 D:\data yudhi MIS\projects\GO-MEKANIK-API\system\CodeIgniter.php(918): App\Controllers\API\MachineBreakdown->index()
#5 D:\data yudhi MIS\projects\GO-MEKANIK-API\system\CodeIgniter.php(404): CodeIgniter\CodeIgniter->runController(Object(App\Controllers\API\MachineBreakdown))
#6 D:\data yudhi MIS\projects\GO-MEKANIK-API\system\CodeIgniter.php(312): CodeIgniter\CodeIgniter->handleRequest(NULL, Object(Config\Cache), false)
#7 D:\data yudhi MIS\projects\GO-MEKANIK-API\public\index.php(45): CodeIgniter\CodeIgniter->run()
#8 {main}
CRITICAL - 2020-11-24 04:43:49 --> You must set the database table to be used with your query.
#0 D:\data yudhi MIS\projects\GO-MEKANIK-API\system\Model.php(1237): CodeIgniter\Database\BaseConnection->table(NULL)
#1 D:\data yudhi MIS\projects\GO-MEKANIK-API\system\Model.php(1816): CodeIgniter\Model->builder()
#2 D:\data yudhi MIS\projects\GO-MEKANIK-API\app\Models\MachineBreakdownModel.php(13): CodeIgniter\Model->__call('where', Array)
#3 D:\data yudhi MIS\projects\GO-MEKANIK-API\app\Controllers\API\MachineBreakdown.php(17): App\Models\MachineBreakdownModel->getMachineBreakdown('"all"')
#4 D:\data yudhi MIS\projects\GO-MEKANIK-API\system\CodeIgniter.php(918): App\Controllers\API\MachineBreakdown->index()
#5 D:\data yudhi MIS\projects\GO-MEKANIK-API\system\CodeIgniter.php(404): CodeIgniter\CodeIgniter->runController(Object(App\Controllers\API\MachineBreakdown))
#6 D:\data yudhi MIS\projects\GO-MEKANIK-API\system\CodeIgniter.php(312): CodeIgniter\CodeIgniter->handleRequest(NULL, Object(Config\Cache), false)
#7 D:\data yudhi MIS\projects\GO-MEKANIK-API\public\index.php(45): CodeIgniter\CodeIgniter->run()
#8 {main}
CRITICAL - 2020-11-24 04:43:49 --> You must set the database table to be used with your query.
#0 D:\data yudhi MIS\projects\GO-MEKANIK-API\system\Model.php(1237): CodeIgniter\Database\BaseConnection->table(NULL)
#1 D:\data yudhi MIS\projects\GO-MEKANIK-API\system\Model.php(1816): CodeIgniter\Model->builder()
#2 D:\data yudhi MIS\projects\GO-MEKANIK-API\app\Models\MachineBreakdownModel.php(13): CodeIgniter\Model->__call('where', Array)
#3 D:\data yudhi MIS\projects\GO-MEKANIK-API\app\Controllers\API\MachineBreakdown.php(17): App\Models\MachineBreakdownModel->getMachineBreakdown('"all"')
#4 D:\data yudhi MIS\projects\GO-MEKANIK-API\system\CodeIgniter.php(918): App\Controllers\API\MachineBreakdown->index()
#5 D:\data yudhi MIS\projects\GO-MEKANIK-API\system\CodeIgniter.php(404): CodeIgniter\CodeIgniter->runController(Object(App\Controllers\API\MachineBreakdown))
#6 D:\data yudhi MIS\projects\GO-MEKANIK-API\system\CodeIgniter.php(312): CodeIgniter\CodeIgniter->handleRequest(NULL, Object(Config\Cache), false)
#7 D:\data yudhi MIS\projects\GO-MEKANIK-API\public\index.php(45): CodeIgniter\CodeIgniter->run()
#8 {main}
CRITICAL - 2020-11-24 04:43:50 --> You must set the database table to be used with your query.
#0 D:\data yudhi MIS\projects\GO-MEKANIK-API\system\Model.php(1237): CodeIgniter\Database\BaseConnection->table(NULL)
#1 D:\data yudhi MIS\projects\GO-MEKANIK-API\system\Model.php(1816): CodeIgniter\Model->builder()
#2 D:\data yudhi MIS\projects\GO-MEKANIK-API\app\Models\MachineBreakdownModel.php(13): CodeIgniter\Model->__call('where', Array)
#3 D:\data yudhi MIS\projects\GO-MEKANIK-API\app\Controllers\API\MachineBreakdown.php(17): App\Models\MachineBreakdownModel->getMachineBreakdown('"all"')
#4 D:\data yudhi MIS\projects\GO-MEKANIK-API\system\CodeIgniter.php(918): App\Controllers\API\MachineBreakdown->index()
#5 D:\data yudhi MIS\projects\GO-MEKANIK-API\system\CodeIgniter.php(404): CodeIgniter\CodeIgniter->runController(Object(App\Controllers\API\MachineBreakdown))
#6 D:\data yudhi MIS\projects\GO-MEKANIK-API\system\CodeIgniter.php(312): CodeIgniter\CodeIgniter->handleRequest(NULL, Object(Config\Cache), false)
#7 D:\data yudhi MIS\projects\GO-MEKANIK-API\public\index.php(45): CodeIgniter\CodeIgniter->run()
#8 {main}
CRITICAL - 2020-11-24 04:43:51 --> You must set the database table to be used with your query.
#0 D:\data yudhi MIS\projects\GO-MEKANIK-API\system\Model.php(1237): CodeIgniter\Database\BaseConnection->table(NULL)
#1 D:\data yudhi MIS\projects\GO-MEKANIK-API\system\Model.php(1816): CodeIgniter\Model->builder()
#2 D:\data yudhi MIS\projects\GO-MEKANIK-API\app\Models\MachineBreakdownModel.php(13): CodeIgniter\Model->__call('where', Array)
#3 D:\data yudhi MIS\projects\GO-MEKANIK-API\app\Controllers\API\MachineBreakdown.php(17): App\Models\MachineBreakdownModel->getMachineBreakdown('"all"')
#4 D:\data yudhi MIS\projects\GO-MEKANIK-API\system\CodeIgniter.php(918): App\Controllers\API\MachineBreakdown->index()
#5 D:\data yudhi MIS\projects\GO-MEKANIK-API\system\CodeIgniter.php(404): CodeIgniter\CodeIgniter->runController(Object(App\Controllers\API\MachineBreakdown))
#6 D:\data yudhi MIS\projects\GO-MEKANIK-API\system\CodeIgniter.php(312): CodeIgniter\CodeIgniter->handleRequest(NULL, Object(Config\Cache), false)
#7 D:\data yudhi MIS\projects\GO-MEKANIK-API\public\index.php(45): CodeIgniter\CodeIgniter->run()
#8 {main}
CRITICAL - 2020-11-24 05:11:49 --> Argument 2 passed to CodeIgniter\Database\BaseBuilder::getWhere() must be of the type int or null, string given, called in D:\data yudhi MIS\projects\GO-MEKANIK-API\system\Model.php on line 1818
#0 D:\data yudhi MIS\projects\GO-MEKANIK-API\system\Model.php(1818): CodeIgniter\Database\BaseBuilder->getWhere('status', 'Waiting...')
#1 D:\data yudhi MIS\projects\GO-MEKANIK-API\app\Models\MachineBreakdownModel.php(29): CodeIgniter\Model->__call('getWhere', Array)
#2 D:\data yudhi MIS\projects\GO-MEKANIK-API\app\Controllers\API\MachineBreakdown.php(17): App\Models\MachineBreakdownModel->getMachineBreakdown('Waiting...')
#3 D:\data yudhi MIS\projects\GO-MEKANIK-API\system\CodeIgniter.php(918): App\Controllers\API\MachineBreakdown->index()
#4 D:\data yudhi MIS\projects\GO-MEKANIK-API\system\CodeIgniter.php(404): CodeIgniter\CodeIgniter->runController(Object(App\Controllers\API\MachineBreakdown))
#5 D:\data yudhi MIS\projects\GO-MEKANIK-API\system\CodeIgniter.php(312): CodeIgniter\CodeIgniter->handleRequest(NULL, Object(Config\Cache), false)
#6 D:\data yudhi MIS\projects\GO-MEKANIK-API\public\index.php(45): CodeIgniter\CodeIgniter->run()
#7 {main}
CRITICAL - 2020-11-24 05:12:09 --> Argument 2 passed to CodeIgniter\Database\BaseBuilder::getWhere() must be of the type int or null, string given, called in D:\data yudhi MIS\projects\GO-MEKANIK-API\system\Model.php on line 1818
#0 D:\data yudhi MIS\projects\GO-MEKANIK-API\system\Model.php(1818): CodeIgniter\Database\BaseBuilder->getWhere('status', 'Waiting...')
#1 D:\data yudhi MIS\projects\GO-MEKANIK-API\app\Models\MachineBreakdownModel.php(29): CodeIgniter\Model->__call('getWhere', Array)
#2 D:\data yudhi MIS\projects\GO-MEKANIK-API\app\Controllers\API\MachineBreakdown.php(17): App\Models\MachineBreakdownModel->getMachineBreakdown('Waiting...')
#3 D:\data yudhi MIS\projects\GO-MEKANIK-API\system\CodeIgniter.php(918): App\Controllers\API\MachineBreakdown->index()
#4 D:\data yudhi MIS\projects\GO-MEKANIK-API\system\CodeIgniter.php(404): CodeIgniter\CodeIgniter->runController(Object(App\Controllers\API\MachineBreakdown))
#5 D:\data yudhi MIS\projects\GO-MEKANIK-API\system\CodeIgniter.php(312): CodeIgniter\CodeIgniter->handleRequest(NULL, Object(Config\Cache), false)
#6 D:\data yudhi MIS\projects\GO-MEKANIK-API\public\index.php(45): CodeIgniter\CodeIgniter->run()
#7 {main}
